"../../../Engine/Content/EditorResources/S_Actor.uasset" 0
"../../../Engine/Content/Functions/Engine_MaterialFunctions01/Shading/PowerToRoughness.uasset" 1
"../../../Engine/Content/Functions/Engine_MaterialFunctions01/Shading/ConvertFromDiffSpec.uasset" 2
"../../../Engine/Content/EngineMaterials/DefaultDiffuse.uasset" 3
"../../../Engine/Content/EngineMaterials/DefaultDeferredDecalMaterial.uasset" 4
"../../../Engine/Content/EngineMaterials/DefaultLightFunctionMaterial.uasset" 5
"../../../Engine/Content/Functions/Engine_MaterialFunctions02/Utility/BreakOutFloat2Components.uasset" 6
"../../../Engine/Content/EngineMaterials/DefaultPostProcessMaterial.uasset" 7
"../../../Engine/Content/EngineResources/DefaultTexture.uasset" 8
"../../../Engine/Content/Functions/Engine_MaterialFunctions01/Texturing/ScaleUVsByCenter.uasset" 9
"../../../Engine/Content/Functions/Engine_MaterialFunctions02/ScreenResolution.uasset" 10
"../../../Engine/Content/Functions/Engine_MaterialFunctions02/Texturing/ScreenAlignedUVs.uasset" 11
"../../../Engine/Content/EngineResources/WhiteSquareTexture.uasset" 12
"../../../Engine/Content/EngineMaterials/Widget3DPassThrough.uasset" 13
"../../../Engine/Content/EngineMaterials/Widget3DPassThrough_Translucent.uasset" 14
"../../../Engine/Content/EngineMaterials/Widget3DPassThrough_Translucent_OneSided.uasset" 15
"../../../Engine/Content/EngineMaterials/Widget3DPassThrough_Opaque.uasset" 16
"../../../Engine/Content/EngineMaterials/Widget3DPassThrough_Opaque_OneSided.uasset" 17
"../../../Engine/Content/EngineMaterials/Widget3DPassThrough_Masked.uasset" 18
"../../../Engine/Content/EngineMaterials/Widget3DPassThrough_Masked_OneSided.uasset" 19
"../../../Engine/Content/Maps/Templates/Thumbnails/Default.uasset" 20
"../../../Engine/Content/EditorMaterials/ParticleSystems/PSysThumbnail_NoImage.uasset" 21
"../../../Engine/Content/EditorMaterials/ParticleSystems/PSysThumbnail_OOD.uasset" 22
"../../../Engine/Content/EditorLandscapeResources/DataLayer.uasset" 23
"../../../Engine/Content/EngineDamageTypes/DmgTypeBP_Environmental.uasset" 24
"../../../Engine/Content/EngineMeshes/Sphere.uasset" 25
"../../../Engine/Content/EngineFonts/RobotoDistanceField.uasset" 26
"../../../Engine/Content/EngineMaterials/DefaultTextMaterialOpaque.uasset" 27
"../../../Engine/Content/EditorResources/S_Trigger.uasset" 28
"../../../Engine/Content/EngineResources/GradientTexture0.uasset" 29
"../../../Engine/Content/EngineResources/Black.uasset" 30
"../../../Engine/Content/EditorMaterials/MatineeGroups/MAT_Groups_Float.uasset" 31
"../../../Engine/Content/EditorMaterials/MatineeGroups/MAT_Groups_Director.uasset" 32
"../../../Engine/Content/EditorMaterials/MatineeGroups/MAT_Groups_Event.uasset" 33
"../../../Engine/Content/EditorMaterials/MatineeGroups/MAT_Groups_Anim.uasset" 34
"../../../Engine/Content/EditorMaterials/MatineeGroups/MAT_Groups_Fade.uasset" 35
"../../../Engine/Content/EditorMaterials/MatineeGroups/MAT_Groups_Move.uasset" 36
"../../../Engine/Content/EditorMaterials/MatineeGroups/MAT_Groups_Slomo.uasset" 37
"../../../Engine/Content/EditorMaterials/MatineeGroups/MAT_ColorTrack.uasset" 38
"../../../Engine/Content/EditorMaterials/MAT_Groups_Toggle.uasset" 39
"../../../Engine/Content/EditorMaterials/MatineeGroups/MAT_Groups_AudioMaster.uasset" 40
"../../../Engine/Content/EditorMaterials/MatineeGroups/MAT_Groups_Sound.uasset" 41
"../../../Engine/Content/EditorMaterials/MatineeGroups/MAT_Groups_Vector.uasset" 42
"../../../Engine/Content/EditorMaterials/MAT_Groups_Visibility.uasset" 43
"../../../Engine/Content/EngineResources/DefaultTextureCube.uasset" 44
"../../../Engine/Content/Functions/Engine_MaterialFunctions01/Opacity/CameraDepthFade.uasset" 45
"../../../Engine/Content/EngineMaterials/T_Default_Material_Grid_M.uasset" 46
"../../../Engine/Content/EngineMaterials/T_Default_Material_Grid_N.uasset" 47
"../../../Engine/Content/EngineMaterials/DefaultMaterial.uasset" 48
"../../../Engine/Content/EngineMeshes/Cylinder.uasset" 49
"../../../Engine/Content/EngineTireTypes/DefaultTireType.uasset" 50
"../../../Engine/Content/Tutorial/Basics/TutorialAssets/icon_tab_Levels_40x.uasset" 51
"../../../Engine/Content/Tutorial/ContentIntroCurve.uasset" 52
"../../../Engine/Plugins/2D/Paper2D/Content/PlaceholderTextures/DummySpriteTexture.uasset" 53
"../../../Engine/Plugins/2D/Paper2D/Content/DefaultSpriteMaterial.uasset" 54
"../../../Engine/Plugins/2D/Paper2D/Content/MaskedUnlitSpriteMaterial.uasset" 55
"../../../Engine/Plugins/2D/Paper2D/Content/OpaqueUnlitSpriteMaterial.uasset" 56
"../../../Engine/Plugins/2D/Paper2D/Content/DummySprite.uasset" 57
"../../../Engine/Plugins/2D/Paper2D/Content/DefaultPaperTerrainMaterial.uasset" 58
"../../../shards/Content/Textures/Environment/DaisTexture.uasset" 59
"../../../shards/Content/Textures/Environment/DaisUV.uasset" 60
"../../../shards/Content/Textures/Environment/mDais.uasset" 61
"../../../shards/Content/Models/Environment/Dais.uasset" 62
"../../../Engine/Content/Functions/Engine_MaterialFunctions01/Gradient/RadialGradient.uasset" 63
"../../../shards/Content/StarterContent/Particles/Materials/M_Radial_Gradient.uasset" 64
"../../../shards/Content/Particles/DashParticles.uasset" 65
"../../../shards/Content/Particles/FloatParticles.uasset" 66
"../../../shards/Content/Particles/SlamParticles.uasset" 67
"../../../shards/Content/Particles/SlamTrail.uasset" 68
"../../../Engine/Content/Functions/Engine_MaterialFunctions01/Gradient/LinearGradient.uasset" 69
"../../../shards/Content/Particles/BLEH.uasset" 70
"../../../shards/Content/Particles/TrailParticles.uasset" 71
"../../../shards/Content/grassparticle.uasset" 72
"../../../shards/Content/grassparticle_Mat.uasset" 73
"../../../shards/Content/grassparticles.uasset" 74
"../../../shards/Content/Textures/Effects/dropshadow.uasset" 75
"../../../shards/Content/Textures/Characters/Auyron/PlayerPhysMaterial.uasset" 76
"../../../shards/Content/Textures/Effects/RiftRTT.uasset" 77
"../../../shards/Content/Textures/Effects/slash.uasset" 78
"../../../shards/Content/Textures/Effects/slash2.uasset" 79
"../../../shards/Content/Textures/Effects/drawbehind.uasset" 80
"../../../shards/Content/Sound/SoundEffects/jump.uasset" 81
"../../../shards/Content/Sound/SoundEffects/dash.uasset" 82
"../../../shards/Content/Sound/SoundEffects/gempickup.uasset" 83
"../../../shards/Content/Sound/SoundEffects/warpsound.uasset" 84
"../../../shards/Content/Sound/SoundEffects/dunk.uasset" 85
"../../../shards/Content/Sound/SoundEffects/dunkhit.uasset" 86
"../../../shards/Content/Sound/SoundEffects/wing.uasset" 87
"../../../Engine/Content/EngineMaterials/WorldGridMaterial.uasset" 88
"../../../shards/Content/Textures/Environment/box.uasset" 89
"../../../shards/Content/Textures/Environment/box_n.uasset" 90
"../../../shards/Content/Textures/Environment/box_Mat.uasset" 91
"../../../shards/Content/Models/Environment/Box/Box.uasset" 92
"../../../shards/Content/Models/Environment/Box/Box_DM.uasset" 93
"../../../shards/Content/Sound/Music/Vibrant_Life.uasset" 94
"../../../Engine/Content/EngineMaterials/RemoveSurfaceMaterial.uasset" 95
"../../../Engine/Content/EngineDebugMaterials/DebugMeshMaterial.uasset" 96
"../../../Engine/Content/EngineMaterials/InvalidLightmapSettings.uasset" 97
"../../../Engine/Content/EngineMaterials/M_InvalidLightmapSettings.uasset" 98
"../../../Engine/Content/EditorMaterials/GizmoMaterial.uasset" 99
"../../../Engine/Content/EngineMaterials/DefaultBokeh.uasset" 100
"../../../Engine/Content/EngineMaterials/PreintegratedSkinBRDF.uasset" 101
"../../../Engine/Content/EngineMaterials/MiniFont.uasset" 102
"../../../Engine/Content/EngineMaterials/WeightMapPlaceholderTexture.uasset" 103
"../../../Engine/Content/EngineMaterials/DefaultWhiteGrid.uasset" 104
"../../../Engine/Content/EngineFonts/RobotoTiny.uasset" 105
"../../../Engine/Content/EngineResources/AICON-Red.uasset" 106
"../../../Engine/Content/EngineResources/AICON-Green.uasset" 107
"../../../Engine/Content/MobileResources/HUD/MobileHUDButton3.uasset" 108
"../../../shards/Content/StarterContent/Materials/M_Basic_Wall.uasset" 109
"../../../shards/Content/StarterContent/Shapes/Shape_WideCapsule.uasset" 110
"../../../shards/Content/Textures/Environment/grass.uasset" 111
"../../../shards/Content/Textures/Environment/grass_n.uasset" 112
"../../../shards/Content/Textures/Environment/landscapegrass_Mat.uasset" 113
"../../../shards/Content/StarterContent/Textures/T_MacroVariation.uasset" 114
"../../../shards/Content/StarterContent/Textures/T_Perlin_Noise_M.uasset" 115
"../../../shards/Content/StarterContent/Textures/T_Rock_Sandstone_D.uasset" 116
"../../../shards/Content/StarterContent/Textures/T_Rock_Sandstone_N.uasset" 117
"../../../shards/Content/Textures/Environment/landscape_sand.uasset" 118
"../../../shards/Content/Textures/Environment/SkyTechWorld_Pillar_UVSnapshot.uasset" 119
"../../../Engine/Content/EditorResources/AudioIcons/S_AudioComponent.uasset" 120
"../../../Engine/Content/EditorResources/AudioIcons/S_AudioComponent_AutoActivate.uasset" 121
"../../../shards/Content/Textures/Effects/grad2.uasset" 122
"../../../Engine/Content/Functions/Engine_MaterialFunctions02/ExampleContent/Textures/newhplaneLightingMap.uasset" 123
"../../../Engine/Content/Functions/Engine_MaterialFunctions02/HueShift.uasset" 124
"../../../Engine/Content/Functions/Engine_MaterialFunctions02/Utility/CameraDirectionVector.uasset" 125
"../../../shards/Content/Textures/Effects/RiftMat2.uasset" 126
"../../../shards/Content/Textures/Effects/RiftMat_Rainbow.uasset" 127
"../../../shards/Content/Textures/Effects/RiftMat_Rainbow_Inst.uasset" 128
"../../../shards/Content/Textures/Effects/RiftRTT2.uasset" 129
"../../../shards/Content/Textures/Effects/RiftRTT_Mat.uasset" 130
"../../../Engine/Content/EditorResources/EmptyActor.uasset" 131
"../../../Engine/Content/MobileResources/HUD/MobileHUDButton2_off.uasset" 132
"../../../Engine/Content/MobileResources/HUD/MobileHUDDirectionPad2.uasset" 133
"../../../Engine/Content/MobileResources/HUD/T_Castle_ThumbstickInner.uasset" 134
"../../../Engine/Content/EditorResources/LightIcons/S_LightError.uasset" 135
"../../../Engine/Content/MobileResources/HUD/MobileHUDDirectionStick.uasset" 136
"../../../Engine/Content/MobileResources/T_MobileControls_texture.uasset" 137
"../../../shards/Content/Textures/Environment/rock_texture3.uasset" 138
"../../../shards/Content/Textures/Environment/rock_texture3_Mat.uasset" 139
"../../../Engine/Content/Functions/Engine_MaterialFunctions03/Procedurals/NormalFromHeightmap.uasset" 140
"../../../shards/Content/Textures/Environment/rockthing.uasset" 141
"../../../shards/Content/Textures/Environment/rockthing_Mat.uasset" 142
"../../../shards/Content/Textures/Environment/SkyTechWorld_ArchPiece_Texture_TopPiece.uasset" 143
"../../../shards/Content/Textures/Environment/wood.uasset" 144
"../../../shards/Content/Textures/Environment/wood_n.uasset" 145
"../../../shards/Content/Textures/Environment/wood_Mat.uasset" 146
"../../../shards/Content/Textures/Environment/tree_texture.uasset" 147
"../../../shards/Content/Textures/Environment/tree_texture_Mat.uasset" 148
"../../../shards/Content/StarterContent/Textures/T_Statue_N.uasset" 149
"../../../shards/Content/Textures/Weapons/wing_glass2.uasset" 150
"../../../Engine/Content/MobileResources/HUD/MobileHUDButtonFire.uasset" 151
"../../../shards/Content/Textures/Gems/Gem1Texture.uasset" 152
"../../../Engine/Content/EditorMaterials/PhAT_JointLimitMaterial.uasset" 153
"../../../Engine/Content/EditorMaterials/PreviewShadowIndicator.uasset" 154
"../../../Engine/Content/EditorMaterials/PreviewShadowIndicatorMaterial.uasset" 155
"../../../Engine/Content/EditorResources/BSPVertex.uasset" 156
"../../../Engine/Content/EngineDebugMaterials/HeatmapGradient.uasset" 157
"../../../Engine/Content/EngineDebugMaterials/BoneWeightMaterial.uasset" 158
"../../../Engine/Content/EngineDebugMaterials/GeomMaterial.uasset" 159
"../../../Engine/Content/EngineMaterials/EditorBrushMaterial.uasset" 160
"../../../Engine/Content/EngineMeshes/Cube.uasset" 161
"../../../Engine/Content/MobileResources/T_MobileMenu2.uasset" 162
"../../../Engine/Content/MobileResources/HUD/AnalogHat.uasset" 163
"../../../Engine/Content/MobileResources/HUD/VirtualJoystick_Background.uasset" 164
"../../../Engine/Content/MobileResources/HUD/VirtualJoystick_Thumb.uasset" 165
"../../../Engine/Content/MobileResources/HUD/DefaultVirtualJoysticks.uasset" 166
"../../../Engine/Content/MobileResources/HUD/LeftVirtualJoystickOnly.uasset" 167
"../../../Engine/Content/MobileResources/HUD/MobileHUDButton1_off.uasset" 168
"../../../Engine/Content/MobileResources/HUD/MobileHUDButton1_on.uasset" 169
"../../../Engine/Content/MobileResources/HUD/MobileHUDButton2_on.uasset" 170
"../../../Engine/Content/MobileResources/HUD/MobileHUDDirectionPad.uasset" 171
"../../../Engine/Content/MobileResources/HUD/MobileHUDDirectionPad3.uasset" 172
"../../../Engine/Content/MobileResources/HUD/T_Castle_ThumbstickOutter.uasset" 173
"../../../Engine/Content/Tutorial/BlueprintTutorials/TutorialAssets/BlueprintInterface_64x.uasset" 174
"../../../Engine/Content/Tutorial/BlueprintTutorials/TutorialAssets/BlueprintMacroLibrary_64x.uasset" 175
"../../../Engine/Content/Tutorial/BlueprintTutorials/TutorialAssets/Blueprint_64x.uasset" 176
"../../../Engine/Content/Tutorial/BlueprintTutorials/TutorialAssets/Tutorial_BP_Interface.uasset" 177
"../../../Engine/Content/Tutorial/Foliage/TutorialAssets/Foliage.uasset" 178
"../../../Engine/Content/Tutorial/Landscape/TutorialAssets/Landscape.uasset" 179
"../../../Engine/Content/Tutorial/Paper2D/TutorialAssets/Paper2DFlipbook_TutorialIcon.uasset" 180
"../../../Engine/Content/Tutorial/Paper2D/TutorialAssets/Paper2DSprite_TutorialIcon.uasset" 181
"../../../Engine/Content/Tutorial/SubEditors/TutorialAssets/icon_Editor_Preferences_General_40x.uasset" 182
"../../../Engine/Content/Tutorial/SubEditors/TutorialAssets/icon_ShowSkeletalMeshes_40x.uasset" 183
"../../../Engine/Content/Tutorial/SubEditors/TutorialAssets/TutorialMaterial.uasset" 184
"../../../Engine/Content/Tutorial/SubEditors/TutorialAssets/T_SmokeSubUV_8X8.uasset" 185
"../../../Engine/Content/Tutorial/SubEditors/TutorialAssets/T_soft_smoke.uasset" 186
"../../../Engine/Content/Tutorial/SubEditors/TutorialAssets/M_smoke_subUV_blackbody.uasset" 187
"../../../Engine/Content/Tutorial/SubEditors/TutorialAssets/TutorialParticleSystem.uasset" 188
"../../../Engine/Content/Tutorial/SubEditors/TutorialAssets/Tutorial_DM.uasset" 189
"../../../shards/Content/Textures/Environment/TiledTexture_Industrial.uasset" 190
"../../../shards/Content/Textures/Environment/TiledTexture_Industrial_Mat.uasset" 191
"../../../Engine/Content/Functions/Engine_MaterialFunctions01/ImageAdjustment/CheapContrast.uasset" 192
"../../../shards/Content/Textures/Environment/TiledTexture_Speckled.uasset" 193
"../../../shards/Content/Textures/Environment/TiledTexture_Speckled_Mat.uasset" 194
"../../../shards/Content/Box_Brush25_StaticMesh.uasset" 195
"../../../shards/Content/StarterContent/Textures/T_CobbleStone_Rough_D.uasset" 196
"../../../shards/Content/dank2.uasset" 197
"../../../shards/Content/dank.uasset" 198
"../../../shards/Content/Textures/Characters/Auyron/protag-UVs.uasset" 199
"../../../shards/Content/Textures/Characters/Auyron/Hair2.uasset" 200
"../../../Engine/Content/Functions/Engine_MaterialFunctions02/Texturing/ScreenAlignedPixelToPixelUVs.uasset" 201
"../../../Engine/Content/EngineMaterials/Good64x64TilingNoiseHighFreq.uasset" 202
"../../../Engine/Content/Functions/Engine_MaterialFunctions02/Utility/DitherTemporalAA.uasset" 203
"../../../shards/Content/Textures/Characters/Auyron/Headband2.uasset" 204
"../../../shards/Content/Textures/Characters/Auyron/protag-UVs_Mat.uasset" 205
"../../../shards/Content/face2.uasset" 206
"../../../shards/Content/Textures/Characters/Auyron/Hair.uasset" 207
"../../../shards/Content/Textures/Characters/Auyron/Headband.uasset" 208
"../../../Engine/Content/Functions/Engine_MaterialFunctions01/Vectors/MF_RotateVector_90.uasset" 209
"../../../shards/Content/Textures/Characters/Auyron/protag-UVs_Mat2.uasset" 210
"../../../shards/Content/face3.uasset" 211
"../../../shards/Content/hellablue.uasset" 212
"../../../shards/Content/newgrass.uasset" 213
"../../../shards/Content/newgrass2.uasset" 214
"../../../Engine/Content/Functions/Engine_MaterialFunctions02/WorldPositionOffset/Wind.uasset" 215
"../../../shards/Content/Pine_Needles_Mat.uasset" 216
"../../../shards/Content/Pine_Needles_Mat_Inst.uasset" 217
"../../../shards/Content/test.uasset" 218
"../../../shards/Content/testmask.uasset" 219
"../../../shards/Content/Textures/Effects/grad.uasset" 220
"../../../shards/Content/Textures/Effects/celshader.uasset" 221
"../../../shards/Content/Textures/Effects/grad4.uasset" 222
"../../../shards/Content/wezeldanow_Inst5.uasset" 223
"../../../Engine/Content/EditorBlueprintResources/StandardMacros.uasset" 224
"../../../shards/Content/Blueprints/island_switch.uasset" 225
"../../../shards/Content/Blueprints/NewPlayerState.uasset" 226
"../../../shards/Content/Blueprints/npctest_controller.uasset" 227
"../../../shards/Content/Textures/Grey.uasset" 228
"../../../shards/Content/Models/Gems/Gem6.uasset" 229
"../../../shards/Content/StarterContent/Shapes/Shape_Cylinder.uasset" 230
"../../../shards/Content/Blueprints/Switch.uasset" 231
"../../../Engine/Content/MapTemplates/SM_Template_Map_Floor.uasset" 232
"../../../shards/Content/Blueprints/tardis_door.uasset" 233
"../../../shards/Content/Blueprints/spess/space_switch.uasset" 234
"../../../shards/Content/Blueprints/spess/secondpart.uasset" 235
"../../../shards/Content/Blueprints/spess/yagotit.uasset" 236
"../../../shards/Content/Fonts/Roboto2.uasset" 237
"../../../shards/Content/Fonts/RobotoDistanceField.uasset" 238
"../../../shards/Content/Fonts/RobotoTiny.uasset" 239
"../../../shards/Content/Fonts/SmallFont.uasset" 240
"../../../shards/Content/Fonts/TinyFont.uasset" 241
"../../../shards/Content/Models/BasicSwingingBridge.uasset" 242
"../../../shards/Content/Models/lambert1.uasset" 243
"../../../shards/Content/Models/BasicSwingingBridgeBroken.uasset" 244
"../../../shards/Content/Models/lambert2.uasset" 245
"../../../shards/Content/Models/lambert3.uasset" 246
"../../../shards/Content/Models/lambert4.uasset" 247
"../../../shards/Content/Models/lambert5.uasset" 248
"../../../shards/Content/Models/lambert6.uasset" 249
"../../../shards/Content/Models/lambert7.uasset" 250
"../../../shards/Content/Models/BridgeDecorative.uasset" 251
"../../../shards/Content/Textures/Characters/Auyron/Hair_Inst.uasset" 252
"../../../shards/Content/Textures/Characters/Auyron/Hair_Inst_Inst.uasset" 253
"../../../shards/Content/Textures/Characters/Auyron/Hair4.uasset" 254
"../../../shards/Content/Models/Environment/ShadowProxyPine.uasset" 255
"../../../shards/Content/Models/HyperLowPolyPlane.uasset" 256
"../../../shards/Content/Models/LandMass3.uasset" 257
"../../../shards/Content/Models/Material.uasset" 258
"../../../shards/Content/Models/Environment/island/lambert1.uasset" 259
"../../../shards/Content/Models/rock.uasset" 260
"../../../shards/Content/StarterContent/Textures/T_Rock_Slate_D.uasset" 261
"../../../shards/Content/StarterContent/Textures/T_Rock_Slate_N.uasset" 262
"../../../shards/Content/StarterContent/Materials/M_Rock_Slate.uasset" 263
"../../../shards/Content/Models/rock2.uasset" 264
"../../../shards/Content/Models/shell.uasset" 265
"../../../Engine/Content/Functions/Engine_MaterialFunctions01/WorldPositionOffset/SimpleGrassWind.uasset" 266
"../../../shards/Content/Textures/Environment/2Dgrassblades.uasset" 267
"../../../shards/Content/Textures/Environment/2Dgrassblades_Mat.uasset" 268
"../../../shards/Content/Models/Environment/2DGrassBlade.uasset" 269
"../../../shards/Content/Textures/Environment/SkyTechWorld_CentralDias_UVSnapshot.uasset" 270
"../../../shards/Content/Textures/Environment/SkyTechWorld_CentralDias_wip2.uasset" 271
"../../../shards/Content/Textures/Environment/mCentralDias.uasset" 272
"../../../shards/Content/Models/Environment/CentralDais.uasset" 273
"../../../shards/Content/Textures/Environment/SkyTechWorld_Center_Middle_Diffuse.uasset" 274
"../../../shards/Content/Textures/Environment/SkyTechWorld_Center_Middle_Diffuse_Mat.uasset" 275
"../../../shards/Content/Models/Environment/SkyTechWorld_Center_Middle_BridgeRailingQuarter.uasset" 276
"../../../shards/Content/Models/Environment/SkyTechWorld_Center_Middle_SideArch.uasset" 277
"../../../shards/Content/Models/Environment/SkyTechWorld_Floor_Round.uasset" 278
"../../../shards/Content/StarterContent/Textures/T_Ground_Grass_D.uasset" 279
"../../../shards/Content/StarterContent/Textures/T_Ground_Grass_N.uasset" 280
"../../../shards/Content/StarterContent/Materials/M_Ground_Grass.uasset" 281
"../../../shards/Content/Models/Environment/SkyTechWorld_Level1_REFERENCE.uasset" 282
"../../../shards/Content/Models/Environment/SkyTechWorld_Level2_REFERENCE.uasset" 283
"../../../shards/Content/Models/Environment/SkyTechWorld_Level3_REFERENCE.uasset" 284
"../../../shards/Content/Textures/Environment/Base/base1_t.uasset" 285
"../../../shards/Content/Textures/Environment/Base/base1_t_Mat.uasset" 286
"../../../shards/Content/Models/Environment/base/base1.uasset" 287
"../../../shards/Content/Textures/Environment/Base/base2_t.uasset" 288
"../../../shards/Content/Textures/Environment/Base/base2_t_Mat.uasset" 289
"../../../shards/Content/Models/Environment/base/base2.uasset" 290
"../../../shards/Content/Textures/Environment/Base/base3_t.uasset" 291
"../../../shards/Content/Textures/Environment/Base/base3_t_Mat.uasset" 292
"../../../shards/Content/Models/Environment/base/base3.uasset" 293
"../../../shards/Content/Models/Environment/Houses/lambert1.uasset" 294
"../../../shards/Content/Models/Environment/Houses/Basic_cone_roof.uasset" 295
"../../../shards/Content/Models/Environment/Houses/Basic_house_floored_2.uasset" 296
"../../../shards/Content/Models/Environment/Houses/texture_bh_frames2.uasset" 297
"../../../shards/Content/Models/Environment/Houses/texture_bh_innerwalls2.uasset" 298
"../../../shards/Content/Models/Environment/Houses/texture_bh_outer_walls2.uasset" 299
"../../../shards/Content/Models/Environment/Houses/Basic_house_walls.uasset" 300
"../../../shards/Content/Models/Environment/Houses/Basic_house_walls2.uasset" 301
"../../../shards/Content/Models/Environment/Houses/Basic_house_walls3.uasset" 302
"../../../shards/Content/Models/Environment/Houses/Columned_house_floored2.uasset" 303
"../../../shards/Content/Models/Environment/Houses/texture_ch_columns2.uasset" 304
"../../../shards/Content/Models/Environment/Houses/texture_ch_frame2.uasset" 305
"../../../shards/Content/Models/Environment/Houses/texture_ch_innerwalls2.uasset" 306
"../../../shards/Content/Models/Environment/Houses/texture_ch_outerwalls2.uasset" 307
"../../../shards/Content/Models/Environment/Houses/Columned_house_walls.uasset" 308
"../../../shards/Content/Models/Environment/Houses/Columned_house_walls3.uasset" 309
"../../../shards/Content/Models/Environment/Houses/texture_crystal_roof.uasset" 310
"../../../shards/Content/Models/Environment/Houses/Crystal_roof.uasset" 311
"../../../shards/Content/Models/Environment/Houses/Ladder.uasset" 312
"../../../shards/Content/Models/Environment/Houses/texture_house_floor.uasset" 313
"../../../shards/Content/Models/Environment/Houses/Ladder_floor.uasset" 314
"../../../shards/Content/Models/Environment/Houses/texture_NPC_leaf_roof.uasset" 315
"../../../shards/Content/Models/Environment/Houses/Leaf_roof.uasset" 316
"../../../shards/Content/Models/Environment/Houses/texture_mayors_door.uasset" 317
"../../../shards/Content/Models/Environment/Houses/texture_mayors_door_frame.uasset" 318
"../../../shards/Content/Models/Environment/Houses/texture_mayors_door_handle.uasset" 319
"../../../shards/Content/Models/Environment/Houses/Mayors_door.uasset" 320
"../../../shards/Content/Models/Environment/Houses/Mayors_house2.uasset" 321
"../../../shards/Content/Models/Environment/Houses/Mayors_leaf_roof.uasset" 322
"../../../shards/Content/Models/Environment/Houses/texture_mayors_window.uasset" 323
"../../../shards/Content/Models/Environment/Houses/texture_mayors_window_frame.uasset" 324
"../../../shards/Content/Models/Environment/Houses/Mayors_window.uasset" 325
"../../../shards/Content/Models/Environment/Houses/texture_door_handle.uasset" 326
"../../../shards/Content/Models/Environment/Houses/texture_NPC_door_frame.uasset" 327
"../../../shards/Content/Models/Environment/Houses/NPC_door.uasset" 328
"../../../shards/Content/Models/Environment/Houses/NPC_Leaf_roof.uasset" 329
"../../../shards/Content/Models/Environment/Houses/texture_npc_wf.uasset" 330
"../../../shards/Content/Models/Environment/Houses/texture_npc_window.uasset" 331
"../../../shards/Content/Models/Environment/Houses/NPC_window.uasset" 332
"../../../shards/Content/Models/Environment/island/platform.uasset" 333
"../../../shards/Content/Models/Environment/island/RockBase1.uasset" 334
"../../../shards/Content/Models/Environment/island/RockBase2.uasset" 335
"../../../shards/Content/Models/Environment/island/rockbase3.uasset" 336
"../../../shards/Content/Particles/BLEH2.uasset" 337
"../../../shards/Content/Particles/BlueDots2.uasset" 338
"../../../shards/Content/Particles/DashParticles2.uasset" 339
"../../../shards/Content/Particles/DashParticles3.uasset" 340
"../../../shards/Content/Particles/FloatParticles2.uasset" 341
"../../../shards/Content/Particles/lake3.uasset" 342
"../../../shards/Content/Sound/Music/Sky_Sanctuary.uasset" 343
"../../../shards/Content/StarterContent/Architecture/Pillar_50x500.uasset" 344
"../../../shards/Content/StarterContent/Architecture/Wall_400x300.uasset" 345
"../../../shards/Content/StarterContent/Architecture/Wall_400x400.uasset" 346
"../../../shards/Content/StarterContent/Architecture/Wall_500x500.uasset" 347
"../../../shards/Content/StarterContent/Architecture/Wall_Door_400x400.uasset" 348
"../../../shards/Content/StarterContent/Architecture/Wall_Window_400x400.uasset" 349
"../../../shards/Content/StarterContent/Audio/Light01.uasset" 350
"../../../shards/Content/StarterContent/Audio/Light01_Cue.uasset" 351
"../../../shards/Content/StarterContent/Audio/Light02.uasset" 352
"../../../shards/Content/StarterContent/Audio/Light02_Cue.uasset" 353
"../../../shards/Content/StarterContent/Audio/Explosion01.uasset" 354
"../../../shards/Content/StarterContent/Audio/Explosion02.uasset" 355
"../../../shards/Content/StarterContent/Audio/Explosion_Cue.uasset" 356
"../../../shards/Content/StarterContent/Textures/T_Burst_M.uasset" 357
"../../../shards/Content/StarterContent/Particles/Materials/M_Burst.uasset" 358
"../../../shards/Content/StarterContent/Textures/T_Explosion_SubUV.uasset" 359
"../../../shards/Content/StarterContent/Particles/Materials/M_explosion_subUV.uasset" 360
"../../../shards/Content/StarterContent/Particles/Materials/m_flare_01.uasset" 361
"../../../shards/Content/StarterContent/Particles/Materials/M_radial_ramp.uasset" 362
"../../../shards/Content/StarterContent/Textures/T_Smoke_SubUV.uasset" 363
"../../../shards/Content/StarterContent/Textures/T_Smoke_Tiled_D.uasset" 364
"../../../shards/Content/StarterContent/Particles/Materials/M_smoke_subUV.uasset" 365
"../../../shards/Content/StarterContent/Particles/P_Explosion.uasset" 366
"../../../shards/Content/StarterContent/Blueprints/Blueprint_Effect_Explosion.uasset" 367
"../../../Engine/Content/EditorMeshes/ColorCalibrator/T_ColorGrid.uasset" 368
"../../../shards/Content/StarterContent/Materials/M_ColorGrid_LowSpec.uasset" 369
"../../../shards/Content/StarterContent/Textures/T_Bush_D.uasset" 370
"../../../shards/Content/StarterContent/Textures/T_Bush_N.uasset" 371
"../../../shards/Content/StarterContent/Props/Materials/M_Bush.uasset" 372
"../../../shards/Content/StarterContent/Props/SM_Bush.uasset" 373
"../../../shards/Content/StarterContent/Textures/T_Chair_M.uasset" 374
"../../../shards/Content/StarterContent/Textures/T_Chair_N.uasset" 375
"../../../shards/Content/StarterContent/Props/Materials/M_Chair.uasset" 376
"../../../shards/Content/StarterContent/Props/SM_Couch.uasset" 377
"../../../shards/Content/StarterContent/Materials/M_Glass.uasset" 378
"../../../shards/Content/StarterContent/Textures/T_Door_M.uasset" 379
"../../../shards/Content/StarterContent/Textures/T_Door_N.uasset" 380
"../../../shards/Content/StarterContent/Props/Materials/M_Door.uasset" 381
"../../../shards/Content/StarterContent/Props/SM_Door.uasset" 382
"../../../shards/Content/StarterContent/Props/Materials/M_MaterialSphere.uasset" 383
"../../../shards/Content/StarterContent/Props/Materials/M_MaterialSphere_Plain.uasset" 384
"../../../shards/Content/StarterContent/Props/SM_MatPreviewMesh_02.uasset" 385
"../../../Engine/Content/Functions/Engine_MaterialFunctions02/Utility/BlendAngleCorrectedNormals.uasset" 386
"../../../shards/Content/StarterContent/Textures/T_Detail_Rocky_N.uasset" 387
"../../../shards/Content/StarterContent/Textures/T_Rock_Basalt_D.uasset" 388
"../../../shards/Content/StarterContent/Textures/T_RockMesh_M.uasset" 389
"../../../shards/Content/StarterContent/Textures/T_RockMesh_N.uasset" 390
"../../../shards/Content/StarterContent/Props/Materials/M_Rock.uasset" 391
"../../../shards/Content/StarterContent/Props/SM_Rock.uasset" 392
"../../../shards/Content/StarterContent/Textures/T_Shelf_M.uasset" 393
"../../../shards/Content/StarterContent/Textures/T_Shelf_N.uasset" 394
"../../../shards/Content/StarterContent/Props/Materials/M_Shelf.uasset" 395
"../../../shards/Content/StarterContent/Props/SM_Shelf.uasset" 396
"../../../shards/Content/StarterContent/Materials/M_Basic_Floor.uasset" 397
"../../../shards/Content/StarterContent/Props/SM_Stairs.uasset" 398
"../../../shards/Content/StarterContent/Shapes/Shape_Cone.uasset" 399
"../../../shards/Content/StarterContent/Shapes/Shape_NarrowCapsule.uasset" 400
"../../../shards/Content/StarterContent/Shapes/Shape_Pipe.uasset" 401
"../../../shards/Content/StarterContent/Shapes/Shape_Pipe_180.uasset" 402
"../../../shards/Content/StarterContent/Shapes/Shape_Pipe_90.uasset" 403
"../../../shards/Content/StarterContent/Shapes/Shape_Torus.uasset" 404
"../../../shards/Content/StarterContent/Shapes/Shape_Trim.uasset" 405
"../../../shards/Content/StarterContent/Shapes/Shape_Trim_90_In.uasset" 406
"../../../shards/Content/StarterContent/Shapes/Shape_Trim_90_Out.uasset" 407
"../../../shards/Content/StarterContent/Shapes/Shape_TriPyramid.uasset" 408
"../../../shards/Content/StarterContent/Shapes/Shape_Tube.uasset" 409
"../../../shards/Content/StarterContent/Shapes/Shape_Wedge_A.uasset" 410
"../../../shards/Content/StarterContent/Shapes/Shape_Wedge_B.uasset" 411
"../../../shards/Content/Textures/M_Rock.uasset" 412
"../../../shards/Content/Textures/Characters/Auyron/celshade.uasset" 413
"../../../shards/Content/Textures/Characters/Auyron/protag-UVs2.uasset" 414
"../../../shards/Content/Textures/Effects/Untitled2.uasset" 415
"../../../shards/Content/Textures/Effects/celshader_sunset.uasset" 416
"../../../shards/Content/Textures/Effects/grad3.uasset" 417
"../../../shards/Content/Textures/Effects/Outline.uasset" 418
"../../../shards/Content/Textures/Effects/Posterization.uasset" 419
"../../../shards/Content/Textures/Environment/TiledTexture_Speckled_Mat2.uasset" 420
"../../../shards/Content/Textures/Gems/gemcollectionparticlemat.uasset" 421
"../../../shards/Content/Textures/UI/talkhelpcurve.uasset" 422
"../../../shards/Content/Textures/UI/zzz.uasset" 423
"../../../shards/Content/Textures/Weapons/bootsmat.uasset" 424
"../../../shards/Content/Models/Characters/Auyron/Auyron_Physics.uasset" 425
"../../../shards/Content/Models/Characters/Auyron/Auyron.uasset" 426
"../../../shards/Content/Models/Characters/Auyron/Auyron_Skeleton.uasset" 427
"../../../shards/Content/Animations/Characters/Auyron/Anim_Auyron_Aim.uasset" 428
"../../../shards/Content/Animations/Characters/Auyron/Anim_Auyron_Jump.uasset" 429
"../../../shards/Content/Animations/Characters/Auyron/Anim_Auyron_Idle.uasset" 430
"../../../shards/Content/Animations/Characters/Auyron/Anim_Auyron_Run.uasset" 431
"../../../shards/Content/Animations/Characters/Auyron/IdleRun.uasset" 432
"../../../shards/Content/Blueprints/testbb.uasset" 433
"../../../shards/Content/Blueprints/AI/BTTask_BlueprintBase_New.uasset" 434
"../../../shards/Content/Blueprints/AI/fangirl_bt.uasset" 435
"../../../shards/Content/Blueprints/AI/fangirl_controller.uasset" 436
"../../../shards/Content/Textures/Characters/Auyron/Headband_Inst.uasset" 437
"../../../shards/Content/Blueprints/AI/fangirl.uasset" 438
"../../../shards/Content/Animations/Characters/Auyron/Anim_Auyron.uasset" 439
"../../../shards/Content/Models/Characters/Pirate/Pirate_Skeleton.uasset" 440
"../../../shards/Content/Animations/Characters/Pirate/Anim_Pirate_Aim.uasset" 441
"../../../shards/Content/Animations/Characters/Pirate/Anim_Pirate_Jump.uasset" 442
"../../../shards/Content/Animations/Characters/Pirate/Anim_Pirate_Idle.uasset" 443
"../../../shards/Content/Animations/Characters/Pirate/Anim_Pirate_Run.uasset" 444
"../../../shards/Content/Animations/Characters/Pirate/IdleRun_Pirate.uasset" 445
"../../../shards/Content/Animations/Characters/Pirate/Anim_Pirate.uasset" 446
"../../../shards/Content/Models/Characters/Rival/Rival_Skeleton.uasset" 447
"../../../shards/Content/Animations/Characters/Rival/Anim_Rival_Aim.uasset" 448
"../../../shards/Content/Animations/Characters/Rival/Anim_Rival_Jump.uasset" 449
"../../../shards/Content/Animations/Characters/Rival/Anim_Rival_Idle.uasset" 450
"../../../shards/Content/Animations/Characters/Rival/Anim_Rival_Run.uasset" 451
"../../../shards/Content/Animations/Characters/Rival/IdleRun_Rival.uasset" 452
"../../../shards/Content/Animations/Characters/Rival/Anim_Rival.uasset" 453
"../../../shards/Content/Textures/UI/talkhelp.uasset" 454
"../../../shards/Content/Textures/UI/talkhelp_Mat.uasset" 455
"../../../shards/Content/Blueprints/TalkHelp.uasset" 456
"../../../shards/Content/Blueprints/Fan_Blueprint.uasset" 457
"../../../shards/Content/Textures/White.uasset" 458
"../../../shards/Content/Blueprints/Fountain/Fan_Activate.uasset" 459
"../../../shards/Content/Textures/Environment/Grass_LayerInfo.uasset" 460
"../../../shards/Content/Textures/Environment/Sand_LayerInfo.uasset" 461
"../../../shards/Content/Textures/Environment/Sandstone_LayerInfo.uasset" 462
"../../../shards/Content/StarterContent/Textures/T_Metal_Steel_D.uasset" 463
"../../../shards/Content/StarterContent/Textures/T_Metal_Steel_N.uasset" 464
"../../../shards/Content/StarterContent/Materials/M_Metal_Steel.uasset" 465
"../../../shards/Content/Textures/Characters/Pirate/pirate-UV.uasset" 466
"../../../shards/Content/Textures/Characters/Pirate/pirate-UVs_Mat.uasset" 467
"../../../shards/Content/Textures/Characters/Rival/rival-uv1.uasset" 468
"../../../shards/Content/Textures/Characters/Rival/rival-uv1_Mat.uasset" 469
"../../../shards/Content/Textures/Environment/bestdirt.uasset" 470
"../../../shards/Content/Textures/Environment/bestdirt_n.uasset" 471
"../../../shards/Content/Textures/Environment/bestdirt_Mat.uasset" 472
"../../../shards/Content/Textures/Environment/bestsand.uasset" 473
"../../../shards/Content/Textures/Environment/bestsand_n.uasset" 474
"../../../shards/Content/Textures/Environment/bestsand_Mat.uasset" 475
"../../../shards/Content/Textures/Environment/dirt2.uasset" 476
"../../../shards/Content/bwgrass.uasset" 477
"../../../shards/Content/Textures/Environment/landscape.uasset" 478
"../../../shards/Content/Textures/Environment/UH.uasset" 479
"../../../shards/Content/Textures/Environment/UH_n.uasset" 480
"../../../shards/Content/Textures/Environment/UH_Mat.uasset" 481
"../../../shards/Content/Textures/Effects/thingmask.uasset" 482
"../../../shards/Content/Textures/Environment/Water/blue.uasset" 483
"../../../shards/Content/Textures/Skyboxes/purple_nebula.uasset" 484
"../../../shards/Content/Textures/Skyboxes/purple_nebula_Mat.uasset" 485
"../../../shards/Content/Textures/Weapons/braceletmat.uasset" 486
"../../../shards/Content/Textures/Weapons/wing_blue.uasset" 487
"../../../shards/Content/Textures/WorldGridMaterial.uasset" 488
"../../../shards/Content/Textures/Effects/RiftMat.uasset" 489
"../../../shards/Content/Textures/Effects/RiftMat_Inst.uasset" 490
"../../../Engine/Content/EditorResources/MatineeCam_D.uasset" 491
"../../../Engine/Content/EngineMaterials/DefaultPhysicalMaterial.uasset" 492
"../../../shards/Content/Textures/Characters/Pirate/Pirate_Hair.uasset" 493
"../../../shards/Content/Textures/Characters/Pirate/Pirate_Headband.uasset" 494
"../../../shards/Content/Models/Characters/Pirate/Pirate_Physics.uasset" 495
"../../../shards/Content/Models/Characters/Pirate/pirate.uasset" 496
"../../../shards/Content/Models/Characters/Rival/Rival.uasset" 497
"../../../shards/Content/Textures/Gems/BaseGemMaterial.uasset" 498
"../../../shards/Content/Textures/Gems/greeeeeeen.uasset" 499
"../../../shards/Content/Models/crystal.uasset" 500
"../../../shards/Content/StarterContent/Textures/T_Wood_Pine_D.uasset" 501
"../../../shards/Content/StarterContent/Textures/T_Wood_Pine_N.uasset" 502
"../../../shards/Content/StarterContent/Materials/M_Wood_Pine.uasset" 503
"../../../shards/Content/Models/Environment/board.uasset" 504
"../../../shards/Content/Textures/brown.uasset" 505
"../../../shards/Content/Models/Environment/fence.uasset" 506
"../../../shards/Content/Textures/Environment/grassplane_Mat.uasset" 507
"../../../shards/Content/Models/Environment/grassplane.uasset" 508
"../../../shards/Content/Models/Environment/island/platform2.uasset" 509
"../../../shards/Content/Models/Environment/brown.uasset" 510
"../../../shards/Content/Models/Environment/leaf_Mat.uasset" 511
"../../../shards/Content/Models/Environment/Pine-5.uasset" 512
"../../../shards/Content/Textures/Environment/SkyTechWorld_FloatingPlatform_Texture.uasset" 513
"../../../shards/Content/Textures/Environment/SkyTechWorld_FloatingPlatform_Texture_Mat.uasset" 514
"../../../shards/Content/Models/Environment/platform.uasset" 515
"../../../shards/Content/Textures/Environment/SkyTechWorld_Fountain_Diffuse.uasset" 516
"../../../shards/Content/Textures/Environment/SkyTechWorld_Fountain_Diffuse_Mat.uasset" 517
"../../../shards/Content/Models/Environment/SkyTechWorld_Fountain.uasset" 518
"../../../shards/Content/Textures/Environment/SkyTechWorld_Pillar_Diffuse.uasset" 519
"../../../shards/Content/Textures/Environment/SkyTechWorld_Pillar_Diffuse_Mat.uasset" 520
"../../../shards/Content/Models/Environment/SkyTechWorld_Pillar.uasset" 521
"../../../shards/Content/Models/Gems/Gem1.uasset" 522
"../../../shards/Content/Models/Gems/Gem2.uasset" 523
"../../../shards/Content/Models/Gems/Gem3.uasset" 524
"../../../shards/Content/Models/Gems/Gem4.uasset" 525
"../../../shards/Content/Models/Gems/Gem5.uasset" 526
"../../../shards/Content/Models/LandMass1.uasset" 527
"../../../shards/Content/Models/LandMass2.uasset" 528
"../../../shards/Content/Models/rock3.uasset" 529
"../../../shards/Content/Models/shell3.uasset" 530
"../../../Engine/Content/EngineSky/T_Sky_Blue.uasset" 531
"../../../Engine/Content/EngineSky/T_Sky_Clouds_M.uasset" 532
"../../../Engine/Content/EngineSky/T_Sky_Stars.uasset" 533
"../../../Engine/Content/EngineSky/M_Sky_Panning_Clouds2.uasset" 534
"../../../shards/Content/Models/SM_SkySphere.uasset" 535
"../../../shards/Content/Textures/Weapons/beltUV1.uasset" 536
"../../../shards/Content/Textures/Weapons/beltUV1_Mat.uasset" 537
"../../../shards/Content/Models/Weapons/Belt.uasset" 538
"../../../shards/Content/Textures/Weapons/bootUV1.uasset" 539
"../../../shards/Content/Textures/Weapons/bootUV1_Mat.uasset" 540
"../../../shards/Content/Models/Weapons/Boots.uasset" 541
"../../../shards/Content/Models/Weapons/Bracelet.uasset" 542
"../../../shards/Content/Textures/Weapons/ClawTextureFinal.uasset" 543
"../../../shards/Content/Textures/Weapons/Mat_TeleClaw.uasset" 544
"../../../shards/Content/Models/Weapons/TeleClaw.uasset" 545
"../../../shards/Content/Textures/Weapons/wing_glass.uasset" 546
"../../../shards/Content/Models/Weapons/Wings.uasset" 547
"../../../shards/Content/Models/WoodBridge.uasset" 548
"../../../shards/Content/Particles/FanParticles.uasset" 549
"../../../shards/Content/Particles/lake.uasset" 550
"../../../shards/Content/Particles/lake2.uasset" 551
"../../../shards/Content/Sound/Music/And.uasset" 552
"../../../shards/Content/Sound/Music/Crystaline_Under-City.uasset" 553
"../../../shards/Content/Sound/Music/Lunar_Highlands.uasset" 554
"../../../shards/Content/Sound/Music/Quiet_forest_theme.uasset" 555
"../../../shards/Content/Sound/Music/Travel_theme_2.uasset" 556
"../../../shards/Content/Sound/Music/WaveFiles/Music.uasset" 557
"../../../shards/Content/Sound/Music/WaveFiles/And.uasset" 558
"../../../shards/Content/Sound/Music/WaveFiles/Crystaline_Under-City.uasset" 559
"../../../shards/Content/Sound/Music/WaveFiles/Lunar_Highlands.uasset" 560
"../../../shards/Content/Sound/Music/WaveFiles/Quiet_forest_theme.uasset" 561
"../../../shards/Content/Sound/Music/WaveFiles/Travel_theme_2.uasset" 562
"../../../shards/Content/Sound/Music/WaveFiles/Vibrant_Life.uasset" 563
"../../../shards/Content/StarterContent/Shapes/Shape_Cube.uasset" 564
"../../../shards/Content/StarterContent/Shapes/Shape_Sphere.uasset" 565
"../../../shards/Content/The_Fountain.umap" 566
"../../../Engine/Content/EngineSky/C_Sky_Cloud_Color.uasset" 567
"../../../Engine/Content/EngineSky/C_Sky_Horizon_Color.uasset" 568
"../../../Engine/Content/EngineSky/C_Sky_Zenith_Color.uasset" 569
"../../../Engine/Content/EngineSky/SM_SkySphere.uasset" 570
"../../../Engine/Content/EngineSky/BP_Sky_Sphere.uasset" 571
"../../../shards/Content/Models/Characters/Auyron/Auyron2_Skeleton.uasset" 572
"../../../shards/Content/Animations/Characters/Auyron/aimtest.uasset" 573
"../../../shards/Content/Animations/Characters/Auyron/falltest_Auyron_AuyronAction.uasset" 574
"../../../shards/Content/Animations/Characters/Auyron/jumptest_Auyron_AuyronAction.uasset" 575
"../../../shards/Content/Animations/Characters/Auyron/idletest2_Auyron_AuyronAction.uasset" 576
"../../../shards/Content/Animations/Characters/Auyron/runtest2_Auyron_AuyronAction.uasset" 577
"../../../shards/Content/Animations/Characters/Auyron/IdleRun2.uasset" 578
"../../../shards/Content/Animations/Characters/Auyron/Anim_Auyron2.uasset" 579
"../../../shards/Content/Textures/UI/64star.uasset" 580
"../../../shards/Content/Textures/UI/arrowL.uasset" 581
"../../../shards/Content/Textures/UI/arrowR.uasset" 582
"../../../shards/Content/Textures/UI/base.uasset" 583
"../../../shards/Content/Textures/UI/belt.uasset" 584
"../../../shards/Content/Textures/UI/boots.uasset" 585
"../../../shards/Content/Textures/UI/bracelet.uasset" 586
"../../../shards/Content/Textures/UI/claw.uasset" 587
"../../../shards/Content/Textures/UI/cross.uasset" 588
"../../../shards/Content/Textures/UI/face.uasset" 589
"../../../shards/Content/Textures/UI/gemsprite.uasset" 590
"../../../shards/Content/Textures/UI/headband.uasset" 591
"../../../shards/Content/Textures/UI/jinjo.uasset" 592
"../../../shards/Content/Blueprints/HUD.uasset" 593
"../../../shards/Content/Blueprints/NewPlayerController.uasset" 594
"../../../shards/Content/Blueprints/NewGameMode.uasset" 595
"../../../shards/Content/StarterContent/Materials/M_Rock_Sandstone.uasset" 596
"../../../shards/Content/Textures/Gems/Gem6Texture.uasset" 597
"../../../shards/Content/Textures/Gems/ssgem.uasset" 598
"../../../shards/Content/Crystal_Desert.umap" 599
"../../../shards/Content/StarterContent/Blueprints/Assets/FogBrightnessLUT.uasset" 600
"../../../shards/Content/StarterContent/Blueprints/Assets/SunlightColorLUT.uasset" 601
"../../../shards/Content/StarterContent/Blueprints/Assets/M_LightStage_Arrows.uasset" 602
"../../../Engine/Content/MapTemplates/Sky/DaylightAmbientCubemap.uasset" 603
"../../../shards/Content/StarterContent/Blueprints/Assets/M_LightStage_Skybox_Master.uasset" 604
"../../../shards/Content/StarterContent/Blueprints/Assets/M_LightStage_Skybox_Black.uasset" 605
"../../../shards/Content/StarterContent/Blueprints/Assets/M_LightStage_Skybox_HDRI.uasset" 606
"../../../Engine/Content/EditorMaterials/Thumbnails/SkySphereMaterial.uasset" 607
"../../../shards/Content/StarterContent/Blueprints/Assets/Skybox.uasset" 608
"../../../shards/Content/StarterContent/Blueprints/Assets/SM_Arrows.uasset" 609
"../../../shards/Content/StarterContent/HDRI/HDRI_Epic_Courtyard_Daylight.uasset" 610
"../../../shards/Content/StarterContent/Blueprints/BP_LightStudio.uasset" 611
"../../../shards/Content/StarterContent/Materials/M_AssetPlatform.uasset" 612
"../../../Engine/Content/EditorMeshes/ColorCalibrator/M_ChromeBall.uasset" 613
"../../../Engine/Content/EditorMeshes/ColorCalibrator/M_ClearCoat.uasset" 614
"../../../Engine/Content/EditorMeshes/ColorCalibrator/M_ClearCoatBlack.uasset" 615
"../../../Engine/Content/EditorMeshes/ColorCalibrator/M_ColorGrid.uasset" 616
"../../../Engine/Content/EditorMeshes/ColorCalibrator/M_GreyBall.uasset" 617
"../../../Engine/Content/EditorMeshes/ColorCalibrator/SM_ColorCalibrator.uasset" 618
"../../../shards/Content/StarterContent/Architecture/SM_AssetPlatform.uasset" 619
"../../../shards/Content/StarterContent/Maps/Advanced_Lighting.umap" 620
"../../../shards/Content/OpenWorldTest/why/what3.umap" 621
"../../../shards/Content/Blueprints/matineetest.uasset" 622
"../../../shards/Content/Textures/Environment/leaf_Mat.uasset" 623
"../../../shards/Content/wezeldanow_Inst3.uasset" 624
"../../../shards/Content/Models/BasicBridgeTRYAGAIN.uasset" 625
"../../../shards/Content/Models/BasicSwingingBridgeTry2.uasset" 626
"../../../shards/Content/Textures/Environment/grass_Mat.uasset" 627
"../../../shards/Content/Models/Environment/grass_blade.uasset" 628
"../../../shards/Content/Particles/CollectionParticles.uasset" 629
"../../../shards/Content/doot.umap" 630
"../../../shards/Content/StarterContent/Textures/T_CobbleStone_Rough_N.uasset" 631
"../../../shards/Content/StarterContent/Textures/T_Gradinet_01.uasset" 632
"../../../shards/Content/StarterContent/Textures/T_Rock_Smooth_Granite_D.uasset" 633
"../../../shards/Content/StarterContent/Materials/M_CobbleStone_Rough.uasset" 634
"../../../shards/Content/blep.uasset" 635
"../../../shards/Content/vvv.uasset" 636
"../../../shards/Content/bigplane.uasset" 637
"../../../shards/Content/StarterContent/Shapes/Shape_Plane.uasset" 638
"../../../shards/Content/3spoop.umap" 639
"../../../shards/Content/Textures/Gems/mGem1.uasset" 640
"../../../shards/Content/Textures/Gems/Gem2Texture.uasset" 641
"../../../shards/Content/Textures/Gems/mGem2.uasset" 642
"../../../shards/Content/Textures/Gems/Gem3Texture.uasset" 643
"../../../shards/Content/Textures/Gems/mGem3.uasset" 644
"../../../shards/Content/Textures/Gems/Gem4Texture.uasset" 645
"../../../shards/Content/Textures/Gems/mGem4.uasset" 646
"../../../shards/Content/Textures/Gems/Gem5Texture.uasset" 647
"../../../shards/Content/Textures/Gems/mGem5.uasset" 648
"../../../shards/Content/Textures/Gems/mGem6.uasset" 649
"../../../shards/Content/wezeldanow_Inst2.uasset" 650
"../../../Engine/Content/BasicShapes/Cube.uasset" 651
"../../../shards/Content/Textures/Environment/tOutcropping.uasset" 652
"../../../shards/Content/Textures/Environment/mOutcropping.uasset" 653
"../../../shards/Content/Models/Environment/Outcropping.uasset" 654
"../../../shards/Content/Textures/Environment/SkyTechWorld_Pedestal_Texture.uasset" 655
"../../../shards/Content/Textures/Environment/mPedistal.uasset" 656
"../../../shards/Content/Models/Environment/Pedistal.uasset" 657
"../../../shards/Content/Models/Environment/SkyTechWorld__Center_Middle.uasset" 658
"../../../shards/Content/Textures/Environment/SkyTechWorld_Center_Dome_Diffuse.uasset" 659
"../../../shards/Content/Textures/Environment/SkyTechWorld_Center_Dome_Diffuse_Mat.uasset" 660
"../../../shards/Content/Models/Environment/SkyTechWorld_Center_Dome.uasset" 661
"../../../shards/Content/Textures/Environment/SkyTechWorld_Center_Lower_Diffuse.uasset" 662
"../../../shards/Content/Textures/Environment/SkyTechWorld_Center_Lower_Diffuse_Mat.uasset" 663
"../../../shards/Content/Models/Environment/SkyTechWorld_Center_Lower.uasset" 664
"../../../shards/Content/Models/Environment/SkyTechWorld_Center_Middle_BridgeHalf.uasset" 665
"../../../shards/Content/Models/Environment/SkyTechWorld_Wall.uasset" 666
"../../../shards/Content/Models/Environment/SkyTechWorld_WallWithDoor.uasset" 667
"../../../shards/Content/Models/Environment/steepslope.uasset" 668
"../../../shards/Content/Models/Environment/walkway1.uasset" 669
"../../../shards/Content/Particles/BlueDots.uasset" 670
"../../../shards/Content/Demo.umap" 671
"../../../shards/Content/StarterContent/Materials/M_Metal_Brushed_Nickel.uasset" 672
"../../../shards/Content/StarterContent/Textures/T_Metal_Aluminum_D.uasset" 673
"../../../shards/Content/StarterContent/Textures/T_Metal_Gold_N.uasset" 674
"../../../shards/Content/StarterContent/Materials/M_Metal_Burnished_Steel.uasset" 675
"../../../shards/Content/StarterContent/Textures/T_Metal_Copper_D.uasset" 676
"../../../shards/Content/StarterContent/Materials/M_Metal_Copper.uasset" 677
"../../../shards/Content/StarterContent/Textures/T_Statue_M.uasset" 678
"../../../shards/Content/StarterContent/Props/Materials/M_StatueGlass.uasset" 679
"../../../shards/Content/StarterContent/Architecture/Floor_400x400.uasset" 680
"../../../shards/Content/StarterContent/Audio/Starter_Birds01.uasset" 681
"../../../shards/Content/StarterContent/Audio/Starter_Wind05.uasset" 682
"../../../shards/Content/StarterContent/Audio/Starter_Wind06.uasset" 683
"../../../shards/Content/StarterContent/Audio/Starter_Background_Cue.uasset" 684
"../../../shards/Content/StarterContent/Props/SM_Chair.uasset" 685
"../../../shards/Content/StarterContent/Props/Materials/M_Statue.uasset" 686
"../../../shards/Content/StarterContent/Props/SM_Statue.uasset" 687
"../../../shards/Content/StarterContent/Textures/T_TableRound_M.uasset" 688
"../../../shards/Content/StarterContent/Textures/T_TableRound_N.uasset" 689
"../../../shards/Content/StarterContent/Props/Materials/M_TableRound.uasset" 690
"../../../shards/Content/StarterContent/Props/SM_TableRound.uasset" 691
"../../../shards/Content/StarterContent/Maps/Minimal_Default.umap" 692
"../../../shards/Content/OpenWorldTest/why/what2.umap" 693
"../../../shards/Content/test2/NewMap.umap" 694
"../../../shards/Content/Blueprints/MovingPlatformSwitch.uasset" 695
"../../../shards/Content/Blueprints/SwitchEffect.uasset" 696
"../../../shards/Content/Blueprints/test.uasset" 697
"../../../Engine/Content/BasicShapes/BasicShapeMaterial.uasset" 698
"../../../shards/Content/cmonbuddy.uasset" 699
"../../../shards/Content/thing.uasset" 700
"../../../Engine/Content/EngineFonts/Roboto.uasset" 701
"../../../Engine/Content/Functions/Engine_MaterialFunctions02/Utility/Sign.uasset" 702
"../../../shards/Content/Fonts/fonttest.uasset" 703
"../../../shards/Content/newgrass_Mat.uasset" 704
"../../../shards/Content/StarterContent/Textures/T_CobbleStone_Pebble_D.uasset" 705
"../../../shards/Content/savannahtestt.uasset" 706
"../../../shards/Content/Textures/Characters/Auyron/Headband_Cel.uasset" 707
"../../../shards/Content/Textures/Effects/RiftMat3.uasset" 708
"../../../shards/Content/Textures/Characters/Auyron/Hair5.uasset" 709
"../../../shards/Content/Textures/Gems/newgemmat/BaseGemMaterial_Inst.uasset" 710
"../../../shards/Content/Textures/Gems/newgemmat/Green.uasset" 711
"../../../Engine/Content/EditorMaterials/MatineeCam_mat.uasset" 712
"../../../Engine/Content/EditorMeshes/MatineeCam_SM.uasset" 713
"../../../shards/Content/Models/Characters/Auyron/Auyron2_PhysicsAsset.uasset" 714
"../../../shards/Content/Models/Characters/Auyron/Auyron2.uasset" 715
"../../../shards/Content/Particles/bubblemat.uasset" 716
"../../../shards/Content/Particles/bubble.uasset" 717
"../../../shards/Content/Particles/bubbles.uasset" 718
"../../../shards/Content/Particles/FanParticles2.uasset" 719
"../../../shards/Content/Textures/Effects/raindrop.uasset" 720
"../../../shards/Content/Particles/Weather/rain.uasset" 721
"../../../shards/Content/Particles/Weather/snow.uasset" 722
"../../../shards/Content/Textures/Effects/testtarget.uasset" 723
"../../../shards/Content/Room_of_Requirement.umap" 724
"../../../shards/Content/StarterContent/Audio/Fire01.uasset" 725
"../../../shards/Content/StarterContent/Audio/Fire01_Cue.uasset" 726
"../../../shards/Content/StarterContent/Textures/T_Fire_SubUV.uasset" 727
"../../../shards/Content/StarterContent/Textures/T_Fire_Tiled_D.uasset" 728
"../../../shards/Content/StarterContent/Particles/Materials/M_Fire_SubUV.uasset" 729
"../../../shards/Content/StarterContent/Textures/T_Water_N.uasset" 730
"../../../shards/Content/StarterContent/Particles/Materials/M_Heat_Distortion.uasset" 731
"../../../shards/Content/StarterContent/Particles/P_Fire.uasset" 732
"../../../shards/Content/StarterContent/Blueprints/Blueprint_Effect_Fire.uasset" 733
"../../../shards/Content/StarterContent/Audio/Smoke01.uasset" 734
"../../../shards/Content/StarterContent/Audio/Smoke01_Cue.uasset" 735
"../../../shards/Content/StarterContent/Particles/P_Smoke.uasset" 736
"../../../shards/Content/StarterContent/Blueprints/Blueprint_Effect_Smoke.uasset" 737
"../../../shards/Content/StarterContent/Audio/Fire_Sparks01.uasset" 738
"../../../shards/Content/StarterContent/Audio/Fire_Sparks01_Cue.uasset" 739
"../../../shards/Content/StarterContent/Textures/T_Spark_Core.uasset" 740
"../../../shards/Content/StarterContent/Particles/Materials/M_Spark.uasset" 741
"../../../shards/Content/StarterContent/Particles/P_Sparks.uasset" 742
"../../../shards/Content/StarterContent/Blueprints/Blueprint_Effect_Sparks.uasset" 743
"../../../shards/Content/StarterContent/Audio/Steam01.uasset" 744
"../../../shards/Content/StarterContent/Audio/Steam01_Cue.uasset" 745
"../../../shards/Content/StarterContent/Particles/P_Steam_Lit.uasset" 746
"../../../shards/Content/StarterContent/Blueprints/Blueprint_Effect_Steam.uasset" 747
"../../../shards/Content/StarterContent/Textures/T_Lamp_M.uasset" 748
"../../../shards/Content/StarterContent/Textures/T_Lamp_N.uasset" 749
"../../../shards/Content/StarterContent/Props/Materials/M_Lamp.uasset" 750
"../../../shards/Content/StarterContent/Props/SM_Lamp_Ceiling.uasset" 751
"../../../shards/Content/StarterContent/Blueprints/Blueprint_CeilingLight.uasset" 752
"../../../shards/Content/StarterContent/Props/SM_Lamp_Wall.uasset" 753
"../../../shards/Content/StarterContent/Blueprints/Blueprint_WallSconce.uasset" 754
"../../../Engine/Content/Functions/Engine_MaterialFunctions03/Procedurals/ComputeFilterWidth.uasset" 755
"../../../Engine/Content/EngineMaterials/AntiAliasedTextMaterialTranslucent.uasset" 756
"../../../shards/Content/StarterContent/Textures/T_Brick_Clay_Beveled_D.uasset" 757
"../../../shards/Content/StarterContent/Textures/T_Brick_Clay_Beveled_M.uasset" 758
"../../../shards/Content/StarterContent/Textures/T_Brick_Clay_Beveled_N.uasset" 759
"../../../shards/Content/StarterContent/Materials/M_Brick_Clay_Beveled.uasset" 760
"../../../shards/Content/StarterContent/Textures/T_Brick_Clay_New_D.uasset" 761
"../../../shards/Content/StarterContent/Textures/T_Brick_Clay_New_M.uasset" 762
"../../../shards/Content/StarterContent/Textures/T_Brick_Clay_New_N.uasset" 763
"../../../shards/Content/StarterContent/Materials/M_Brick_Clay_New.uasset" 764
"../../../shards/Content/StarterContent/Textures/T_Brick_Clay_Old_D.uasset" 765
"../../../shards/Content/StarterContent/Textures/T_Brick_Clay_Old_N.uasset" 766
"../../../shards/Content/StarterContent/Materials/M_Brick_Clay_Old.uasset" 767
"../../../shards/Content/StarterContent/Textures/T_Brick_Cut_Stone_D.uasset" 768
"../../../shards/Content/StarterContent/Textures/T_Brick_Cut_Stone_N.uasset" 769
"../../../shards/Content/StarterContent/Materials/M_Brick_Cut_Stone.uasset" 770
"../../../shards/Content/StarterContent/Textures/T_Brick_Hewn_Stone_D.uasset" 771
"../../../shards/Content/StarterContent/Textures/T_Brick_Hewn_Stone_M.uasset" 772
"../../../shards/Content/StarterContent/Textures/T_Brick_Hewn_Stone_N.uasset" 773
"../../../shards/Content/StarterContent/Materials/M_Brick_Hewn_Stone.uasset" 774
"../../../shards/Content/StarterContent/Textures/T_Ceramic_Tile_M.uasset" 775
"../../../shards/Content/StarterContent/Textures/T_Ceramic_Tile_N.uasset" 776
"../../../shards/Content/StarterContent/Textures/T_Rock_Marble_Polished_D.uasset" 777
"../../../shards/Content/StarterContent/Materials/M_Ceramic_Tile_Checker.uasset" 778
"../../../shards/Content/StarterContent/Textures/T_CobbleStone_Pebble_M.uasset" 779
"../../../shards/Content/StarterContent/Textures/T_CobbleStone_Pebble_N.uasset" 780
"../../../shards/Content/StarterContent/Materials/M_CobbleStone_Pebble.uasset" 781
"../../../shards/Content/StarterContent/Textures/T_CobbleStone_Smooth_D.uasset" 782
"../../../shards/Content/StarterContent/Textures/T_CobbleStone_Smooth_M.uasset" 783
"../../../shards/Content/StarterContent/Textures/T_CobbleStone_Smooth_N.uasset" 784
"../../../shards/Content/StarterContent/Materials/M_CobbleStone_Smooth.uasset" 785
"../../../shards/Content/StarterContent/Textures/T_Concrete_Grime_D.uasset" 786
"../../../shards/Content/StarterContent/Textures/T_Metal_Rust_N.uasset" 787
"../../../shards/Content/StarterContent/Materials/M_Concrete_Grime.uasset" 788
"../../../shards/Content/StarterContent/Textures/T_Concrete_Panels_D.uasset" 789
"../../../shards/Content/StarterContent/Textures/T_Concrete_Panels_N.uasset" 790
"../../../shards/Content/StarterContent/Materials/M_Concrete_Panels.uasset" 791
"../../../shards/Content/StarterContent/Textures/T_Concrete_Poured_D.uasset" 792
"../../../shards/Content/StarterContent/Textures/T_Concrete_Poured_N.uasset" 793
"../../../shards/Content/StarterContent/Materials/M_Concrete_Poured.uasset" 794
"../../../shards/Content/StarterContent/Textures/T_Concrete_Tiles_D.uasset" 795
"../../../shards/Content/StarterContent/Textures/T_Concrete_Tiles_M.uasset" 796
"../../../shards/Content/StarterContent/Textures/T_Concrete_Tiles_N.uasset" 797
"../../../shards/Content/StarterContent/Textures/T_Concrete_Tiles_Variation_M.uasset" 798
"../../../shards/Content/StarterContent/Materials/M_Concrete_Tiles.uasset" 799
"../../../shards/Content/StarterContent/Textures/T_Ground_Gravel_D.uasset" 800
"../../../shards/Content/StarterContent/Textures/T_Ground_Gravel_N.uasset" 801
"../../../shards/Content/StarterContent/Materials/M_Ground_Gravel.uasset" 802
"../../../shards/Content/StarterContent/Textures/T_ground_Moss_D.uasset" 803
"../../../shards/Content/StarterContent/Textures/T_Ground_Moss_N.uasset" 804
"../../../shards/Content/StarterContent/Materials/M_Ground_Moss.uasset" 805
"../../../shards/Content/StarterContent/Materials/M_Metal_Chrome.uasset" 806
"../../../shards/Content/StarterContent/Textures/T_Metal_Gold_D.uasset" 807
"../../../shards/Content/StarterContent/Materials/M_Metal_Gold.uasset" 808
"../../../shards/Content/StarterContent/Textures/T_Metal_Rust_D.uasset" 809
"../../../shards/Content/StarterContent/Materials/M_Metal_Rust.uasset" 810
"../../../shards/Content/StarterContent/Textures/T_Rock_Basalt_N.uasset" 811
"../../../shards/Content/StarterContent/Materials/M_Rock_Basalt.uasset" 812
"../../../shards/Content/StarterContent/Materials/M_Rock_Marble_Polished.uasset" 813
"../../../shards/Content/StarterContent/Textures/T_Checker_Noise_M.uasset" 814
"../../../shards/Content/StarterContent/Textures/T_Single_Tile_N.uasset" 815
"../../../shards/Content/StarterContent/Textures/T_Tech_Dot_M.uasset" 816
"../../../shards/Content/StarterContent/Textures/T_Tech_Dot_N.uasset" 817
"../../../shards/Content/StarterContent/Materials/M_Tech_Checker_Dot.uasset" 818
"../../../shards/Content/StarterContent/Textures/T_Tech_Hex_Tile_M.uasset" 819
"../../../shards/Content/StarterContent/Textures/T_Tech_Hex_Tile_N.uasset" 820
"../../../shards/Content/StarterContent/Materials/M_Tech_Hex_Tile.uasset" 821
"../../../shards/Content/StarterContent/Materials/M_Tech_Hex_Tile_Pulse.uasset" 822
"../../../shards/Content/StarterContent/Textures/T_Tech_Panel_M.uasset" 823
"../../../shards/Content/StarterContent/Textures/T_Tech_Panel_N.uasset" 824
"../../../shards/Content/StarterContent/Materials/M_Tech_Panel.uasset" 825
"../../../shards/Content/StarterContent/Materials/M_Water_Lake.uasset" 826
"../../../shards/Content/StarterContent/Textures/T_Water_M.uasset" 827
"../../../shards/Content/StarterContent/Materials/M_Water_Ocean.uasset" 828
"../../../shards/Content/StarterContent/Textures/T_Wood_Floor_Walnut_D.uasset" 829
"../../../shards/Content/StarterContent/Textures/T_Wood_Floor_Walnut_M.uasset" 830
"../../../shards/Content/StarterContent/Textures/T_Wood_Floor_Walnut_N.uasset" 831
"../../../shards/Content/StarterContent/Materials/M_Wood_Floor_Walnut_Polished.uasset" 832
"../../../Engine/Content/Functions/Engine_MaterialFunctions01/Opacity/AlphaOffset.uasset" 833
"../../../shards/Content/StarterContent/Materials/M_Wood_Floor_Walnut_Worn.uasset" 834
"../../../shards/Content/StarterContent/Textures/T_Wood_Oak_D.uasset" 835
"../../../shards/Content/StarterContent/Textures/T_Wood_Oak_N.uasset" 836
"../../../shards/Content/StarterContent/Materials/M_Wood_Oak.uasset" 837
"../../../shards/Content/StarterContent/Textures/T_Wood_Walnut_D.uasset" 838
"../../../shards/Content/StarterContent/Textures/T_Wood_Walnut_N.uasset" 839
"../../../shards/Content/StarterContent/Materials/M_Wood_Walnut.uasset" 840
"../../../shards/Content/StarterContent/Architecture/Wall_400x200.uasset" 841
"../../../shards/Content/StarterContent/Architecture/Wall_Door_400x300.uasset" 842
"../../../shards/Content/StarterContent/Architecture/Wall_Window_400x300.uasset" 843
"../../../shards/Content/StarterContent/Audio/Collapse01.uasset" 844
"../../../shards/Content/StarterContent/Audio/Collapse02.uasset" 845
"../../../shards/Content/StarterContent/Audio/Collapse_Cue.uasset" 846
"../../../shards/Content/StarterContent/Audio/Starter_Music01.uasset" 847
"../../../shards/Content/StarterContent/Audio/Starter_Music_Cue.uasset" 848
"../../../shards/Content/StarterContent/Textures/T_Dust_Particle_D.uasset" 849
"../../../shards/Content/StarterContent/Particles/Materials/M_Dust_Particle.uasset" 850
"../../../shards/Content/StarterContent/Particles/P_Ambient_Dust.uasset" 851
"../../../shards/Content/StarterContent/Props/MaterialSphere.uasset" 852
"../../../shards/Content/StarterContent/Textures/T_Frame_M.uasset" 853
"../../../shards/Content/StarterContent/Textures/T_Frame_N.uasset" 854
"../../../shards/Content/StarterContent/Props/Materials/M_Frame.uasset" 855
"../../../shards/Content/StarterContent/Props/SM_CornerFrame.uasset" 856
"../../../shards/Content/StarterContent/Props/SM_DoorFrame.uasset" 857
"../../../shards/Content/StarterContent/Props/SM_GlassWindow.uasset" 858
"../../../shards/Content/StarterContent/Props/SM_PillarFrame.uasset" 859
"../../../shards/Content/StarterContent/Props/SM_PillarFrame300.uasset" 860
"../../../shards/Content/StarterContent/Props/SM_WindowFrame.uasset" 861
"../../../shards/Content/StarterContent/Shapes/Shape_QuadPyramid.uasset" 862
"../../../shards/Content/StarterContent/Maps/StarterMap.umap" 863
"../../../shards/Content/Blueprints/MainMenuMode.uasset" 864
"../../../shards/Content/Textures/UI/CharlesHelpPlzThx.uasset" 865
"../../../shards/Content/Blueprints/TitleScreen.uasset" 866
"../../../shards/Content/TitleScreen.umap" 867
"../../../shards/Content/OpenWorldTest/why/what.umap" 868
"../../../shards/Content/Blueprints/makeitspin.uasset" 869
"../../../shards/Content/Blueprints/tardis.uasset" 870
"../../../shards/Content/OpenWorldTest/why/what1.umap" 871
"../../../shards/Content/OpenWorldTest/why/what4.umap" 872
"../../../shards/Content/StarterContent/Maps/butt/Advanced_Lighting.umap" 873
"../../../shards/Content/StarterContent/Maps/butt/Minimal_Default.umap" 874
"../../../shards/Content/StarterContent/Maps/butt/StarterMap.umap" 875
"../../../shards/Content/OpenWorldTest/LevelTransition.uasset" 876
"../../../shards/Content/test2/SubMap1.umap" 877
"../../../shards/Content/test2/SubMap2.umap" 878
"../../../shards/Content/test2/SubMap3.umap" 879
