"../../../why/Content/Textures/Characters/Auyron/Hair.uasset" 0
"../../../why/Content/Textures/Characters/Auyron/Headband.uasset" 1
"../../../why/Content/Textures/Characters/Auyron/protag-UVs.uasset" 2
"../../../why/Content/Textures/Characters/Auyron/protag-UVs_Mat.uasset" 3
"../../../why/Content/Models/Characters/Auyron/Auyron_PhysicsAsset.uasset" 4
"../../../why/Content/Models/Characters/Auyron/Auyron.uasset" 5
"../../../why/Content/Models/Characters/Auyron/Auyron_Skeleton.uasset" 6
"../../../why/Content/Animations/Characters/Auyron/Anim_Auyron_aim.uasset" 7
"../../../why/Content/Animations/Characters/Auyron/Anim_Auyron_idle.uasset" 8
"../../../why/Content/Animations/Characters/Auyron/Anim_Auyron_jump.uasset" 9
"../../../why/Content/Animations/Characters/Auyron/Anim_Auyron_run.uasset" 10
"../../../why/Content/Animations/Characters/Auyron/IdleRun.uasset" 11
"../../../why/Content/Animations/Characters/Auyron/Anim_Auyron.uasset" 12
"../../../Engine/Content/EditorBlueprintResources/StandardMacros.uasset" 13
"../../../Engine/Content/EngineSky/C_Sky_Cloud_Color.uasset" 14
"../../../Engine/Content/EngineSky/C_Sky_Horizon_Color.uasset" 15
"../../../Engine/Content/EngineSky/C_Sky_Zenith_Color.uasset" 16
"../../../Engine/Content/EngineSky/T_Sky_Blue.uasset" 17
"../../../Engine/Content/EngineSky/T_Sky_Clouds_M.uasset" 18
"../../../Engine/Content/EngineSky/T_Sky_Stars.uasset" 19
"../../../Engine/Content/EngineSky/SM_SkySphere.uasset" 20
"../../../Engine/Content/EngineSky/M_Sky_Panning_Clouds2.uasset" 21
"../../../Engine/Content/EngineSky/BP_Sky_Sphere.uasset" 22
"../../../Engine/Content/BasicShapes/BasicShapeMaterial.uasset" 23
"../../../Engine/Content/Functions/Engine_MaterialFunctions01/Opacity/CameraDepthFade.uasset" 24
"../../../Engine/Content/EngineMaterials/T_Default_Material_Grid_M.uasset" 25
"../../../Engine/Content/EngineMaterials/T_Default_Material_Grid_N.uasset" 26
"../../../Engine/Content/EngineMaterials/WorldGridMaterial.uasset" 27
"../../../why/Content/Textures/Environment/SkyTechWorld_CentralDias_UVSnapshot.uasset" 28
"../../../why/Content/Textures/Environment/SkyTechWorld_CentralDias_wip2.uasset" 29
"../../../why/Content/Textures/Environment/mCentralDias.uasset" 30
"../../../why/Content/Textures/Gems/Gem1Texture.uasset" 31
"../../../why/Content/Models/Gems/mGem1.uasset" 32
"../../../why/Content/Models/Gems/Gem3.uasset" 33
"../../../why/Content/Textures/Gems/mGem1.uasset" 34
"../../../why/Content/Textures/Gems/Gem2Texture.uasset" 35
"../../../why/Content/Textures/Gems/mGem2.uasset" 36
"../../../why/Content/Textures/Gems/Gem3Texture.uasset" 37
"../../../why/Content/Textures/Gems/mGem3.uasset" 38
"../../../why/Content/Textures/Gems/Gem4Texture.uasset" 39
"../../../why/Content/Textures/Gems/mGem4.uasset" 40
"../../../why/Content/Sound/Sky_Sanctuary.uasset" 41
"../../../why/Content/Sound/Sky_Sanctuary_Wav.uasset" 42
"../../../Engine/Content/BasicShapes/Cube.uasset" 43
"../../../why/Content/Textures/Environment/Base/base1_t.uasset" 44
"../../../why/Content/Textures/Environment/Base/base1_t_Mat.uasset" 45
"../../../why/Content/Models/Environment/base/base1.uasset" 46
"../../../why/Content/Textures/Environment/Base/base2_t.uasset" 47
"../../../why/Content/Textures/Environment/Base/base2_t_Mat.uasset" 48
"../../../why/Content/Models/Environment/base/base2.uasset" 49
"../../../why/Content/Textures/Environment/Base/base3_t.uasset" 50
"../../../why/Content/Textures/Environment/Base/base3_t_Mat.uasset" 51
"../../../why/Content/Models/Environment/base/base3.uasset" 52
"../../../why/Content/Models/Environment/CentralDais.uasset" 53
"../../../why/Content/Textures/Environment/tOutcropping.uasset" 54
"../../../why/Content/Textures/Environment/mOutcropping.uasset" 55
"../../../why/Content/Models/Environment/Outcropping.uasset" 56
"../../../why/Content/Textures/Environment/SkyTechWorld_Pedestal_Texture.uasset" 57
"../../../why/Content/Models/Environment/SkyTechWorld_Pedestal_Texture.uasset" 58
"../../../why/Content/Textures/Environment/mPedistal.uasset" 59
"../../../why/Content/Models/Environment/Pedistal.uasset" 60
"../../../why/Content/Textures/Environment/SkyTechWorld_FloatingPlatform_Texture.uasset" 61
"../../../why/Content/Textures/Environment/SkyTechWorld_FloatingPlatform_Texture_Mat.uasset" 62
"../../../why/Content/Models/Environment/platform.uasset" 63
"../../../why/Content/Models/Gems/Gem1.uasset" 64
"../../../why/Content/Models/Gems/Gem2.uasset" 65
"../../../why/Content/Models/Gems/Gem4.uasset" 66
"../../../why/Content/Models/Gems/Gem5.uasset" 67
"../../../Engine/Content/Functions/Engine_MaterialFunctions01/Gradient/RadialGradient.uasset" 68
"../../../why/Content/StarterContent/Particles/Materials/M_Radial_Gradient.uasset" 69
"../../../why/Content/Particles/BlueDots.uasset" 70
"../../../why/Content/Demo.umap" 71
"../../../Engine/Content/EngineMaterials/DefaultMaterial.uasset" 72
"../../../Engine/Content/EngineMaterials/DefaultDiffuse.uasset" 73
"../../../Engine/Content/EngineMaterials/DefaultNormal.uasset" 74
"../../../Engine/Content/Maps/Entry.umap" 75
"../../../Engine/Content/EditorResources/S_Actor.uasset" 76
"../../../Engine/Content/Maps/Templates/Thumbnails/Default.uasset" 77
"../../../Engine/Content/EditorMaterials/ParticleSystems/PSysThumbnail_NoImage.uasset" 78
"../../../Engine/Content/EditorMaterials/ParticleSystems/PSysThumbnail_OOD.uasset" 79
"../../../Engine/Content/EditorLandscapeResources/DataLayer.uasset" 80
"../../../Engine/Content/EngineFonts/Roboto.uasset" 81
"../../../Engine/Content/Functions/Engine_MaterialFunctions01/Shading/PowerToRoughness.uasset" 82
"../../../Engine/Content/EngineMaterials/DefaultDeferredDecalMaterial.uasset" 83
"../../../Engine/Content/EngineMaterials/DefaultLightFunctionMaterial.uasset" 84
"../../../Engine/Content/Functions/Engine_MaterialFunctions02/Utility/BreakOutFloat2Components.uasset" 85
"../../../Engine/Content/EngineMaterials/DefaultPostProcessMaterial.uasset" 86
"../../../Engine/Content/EngineResources/DefaultTexture.uasset" 87
"../../../Engine/Content/Functions/Engine_MaterialFunctions02/Texturing/ScreenAlignedUVs.uasset" 88
"../../../Engine/Content/EngineResources/WhiteSquareTexture.uasset" 89
"../../../Engine/Content/EngineMaterials/Widget3DPassThrough.uasset" 90
"../../../Engine/Content/EngineMaterials/Widget3DPassThrough_Translucent.uasset" 91
"../../../Engine/Content/EngineMaterials/Widget3DPassThrough_Translucent_OneSided.uasset" 92
"../../../Engine/Content/EngineMaterials/Widget3DPassThrough_Opaque.uasset" 93
"../../../Engine/Content/EngineMaterials/Widget3DPassThrough_Opaque_OneSided.uasset" 94
"../../../Engine/Content/EngineMaterials/Widget3DPassThrough_Masked.uasset" 95
"../../../Engine/Content/EngineMaterials/Widget3DPassThrough_Masked_OneSided.uasset" 96
"../../../Engine/Content/EngineDamageTypes/DmgTypeBP_Environmental.uasset" 97
"../../../Engine/Content/EngineMeshes/Sphere.uasset" 98
"../../../Engine/Content/EngineFonts/RobotoDistanceField.uasset" 99
"../../../Engine/Content/EngineMaterials/DefaultTextMaterialOpaque.uasset" 100
"../../../Engine/Content/EditorResources/S_Trigger.uasset" 101
"../../../Engine/Content/EngineResources/GradientTexture0.uasset" 102
"../../../Engine/Content/EngineResources/Black.uasset" 103
"../../../Engine/Content/EditorMaterials/MatineeGroups/MAT_Groups_Float.uasset" 104
"../../../Engine/Content/EditorMaterials/MatineeGroups/MAT_Groups_Director.uasset" 105
"../../../Engine/Content/EditorMaterials/MatineeGroups/MAT_Groups_Event.uasset" 106
"../../../Engine/Content/EditorMaterials/MatineeGroups/MAT_Groups_Anim.uasset" 107
"../../../Engine/Content/EditorMaterials/MatineeGroups/MAT_Groups_Fade.uasset" 108
"../../../Engine/Content/EditorMaterials/MatineeGroups/MAT_Groups_Move.uasset" 109
"../../../Engine/Content/EditorMaterials/MatineeGroups/MAT_Groups_Slomo.uasset" 110
"../../../Engine/Content/EditorMaterials/MatineeGroups/MAT_ColorTrack.uasset" 111
"../../../Engine/Content/EditorMaterials/MAT_Groups_Toggle.uasset" 112
"../../../Engine/Content/EditorMaterials/MatineeGroups/MAT_Groups_AudioMaster.uasset" 113
"../../../Engine/Content/EditorMaterials/MatineeGroups/MAT_Groups_Sound.uasset" 114
"../../../Engine/Content/EditorMaterials/MatineeGroups/MAT_Groups_Vector.uasset" 115
"../../../Engine/Content/EditorMaterials/MAT_Groups_Visibility.uasset" 116
"../../../Engine/Content/EngineResources/DefaultTextureCube.uasset" 117
"../../../Engine/Content/EngineMeshes/Cylinder.uasset" 118
"../../../Engine/Content/EngineTireTypes/DefaultTireType.uasset" 119
"../../../Engine/Content/EngineResources/AICON-Red.uasset" 120
"../../../Engine/Content/EngineResources/AICON-Green.uasset" 121
"../../../Engine/Content/Tutorial/Basics/LevelEditorAttract.uasset" 122
"../../../Engine/Content/Tutorial/Basics/TutorialAssets/icon_tab_Levels_40x.uasset" 123
"../../../Engine/Content/Tutorial/Basics/LevelEditorOverview.uasset" 124
"../../../Engine/Content/Tutorial/ContentIntroCurve.uasset" 125
"../../../Engine/Plugins/2D/Paper2D/Content/PlaceholderTextures/DummySpriteTexture.uasset" 126
"../../../Engine/Plugins/2D/Paper2D/Content/DummySpriteTexture.uasset" 127
"../../../Engine/Plugins/2D/Paper2D/Content/DefaultSpriteMaterial.uasset" 128
"../../../Engine/Plugins/2D/Paper2D/Content/MaskedUnlitSpriteMaterial.uasset" 129
"../../../Engine/Plugins/2D/Paper2D/Content/OpaqueUnlitSpriteMaterial.uasset" 130
"../../../Engine/Plugins/2D/Paper2D/Content/DummySprite.uasset" 131
"../../../Engine/Plugins/2D/Paper2D/Content/DefaultPaperTerrainMaterial.uasset" 132
"../../../why/Content/Textures/Gems/Gem5Texture.uasset" 133
"../../../why/Content/Textures/Gems/mGem5.uasset" 134
"../../../why/Content/Textures/Gems/Gem6Texture.uasset" 135
"../../../why/Content/Textures/Gems/mGem6.uasset" 136
"../../../why/Content/Textures/Environment/DaisTexture.uasset" 137
"../../../why/Content/Textures/Environment/DaisUV.uasset" 138
"../../../why/Content/Textures/Environment/mDais.uasset" 139
"../../../why/Content/Models/Environment/Dais.uasset" 140
"../../../why/Content/Textures/Weapons/ClawTextureFinal.uasset" 141
"../../../why/Content/Textures/Weapons/Mat_TeleClaw.uasset" 142
"../../../why/Content/Models/Weapons/TeleClaw.uasset" 143
"../../../Engine/Plugins/Runtime/LeapMotionController/Content/LM_CapsuleMesh.uasset" 144
"../../../Engine/Plugins/Runtime/LeapMotionController/Content/LM_TorusMesh.uasset" 145
"../../../Engine/Plugins/Runtime/LeapMotionController/Content/LM_HandColor.uasset" 146
"../../../Engine/Plugins/Runtime/LeapMotionController/Content/LM_SampleDistortion.uasset" 147
"../../../Engine/Plugins/Runtime/LeapMotionController/Content/LM_TestTexture.uasset" 148
"../../../Engine/Plugins/Runtime/LeapMotionController/Content/LM_PassthroughMaterial.uasset" 149
"../../../Engine/Content/EngineMaterials/RemoveSurfaceMaterial.uasset" 150
"../../../Engine/Content/EngineDebugMaterials/DebugMeshMaterial.uasset" 151
"../../../Engine/Content/EngineMaterials/InvalidLightmapSettings.uasset" 152
"../../../Engine/Content/EngineMaterials/M_InvalidLightmapSettings.uasset" 153
"../../../Engine/Content/EditorMaterials/GizmoMaterial.uasset" 154
"../../../Engine/Content/EngineMaterials/Good64x64TilingNoiseHighFreq.uasset" 155
"../../../Engine/Content/EngineMaterials/DefaultBokeh.uasset" 156
"../../../Engine/Content/EngineMaterials/PreintegratedSkinBRDF.uasset" 157
"../../../Engine/Content/EngineMaterials/MiniFont.uasset" 158
"../../../Engine/Content/EngineMaterials/WeightMapPlaceholderTexture.uasset" 159
"../../../Engine/Content/EngineMaterials/DefaultPhysicalMaterial.uasset" 160
"../../../Engine/Content/EngineFonts/RobotoTiny.uasset" 161
"../../../why/Content/Models/Gems/Gem6.uasset" 162
"../../../Engine/Content/MobileResources/HUD/MobileHUDDirectionPad2.uasset" 163
"../../../Engine/Content/MobileResources/HUD/MobileHUDButton1_on.uasset" 164
"../../../Engine/Content/MobileResources/HUD/MobileHUDButtonFire.uasset" 165
"../../../Engine/Content/EditorMaterials/PhAT_JointLimitMaterial.uasset" 166
"../../../Engine/Content/EditorMaterials/PreviewShadowIndicator.uasset" 167
"../../../Engine/Content/EditorMaterials/PreviewShadowIndicatorMaterial.uasset" 168
"../../../Engine/Content/EditorMeshes/ColorCalibrator/M_ChromeBall.uasset" 169
"../../../Engine/Content/EditorMeshes/ColorCalibrator/M_ClearCoat.uasset" 170
"../../../Engine/Content/EditorMeshes/ColorCalibrator/M_ClearCoatBlack.uasset" 171
"../../../Engine/Content/EditorMeshes/ColorCalibrator/T_ColorGrid.uasset" 172
"../../../Engine/Content/EditorMeshes/ColorCalibrator/M_ColorGrid.uasset" 173
"../../../Engine/Content/EditorMeshes/ColorCalibrator/M_GreyBall.uasset" 174
"../../../Engine/Content/EditorMeshes/ColorCalibrator/SM_ColorCalibrator.uasset" 175
"../../../Engine/Content/EditorResources/BSPVertex.uasset" 176
"../../../Engine/Content/EngineDebugMaterials/HeatmapGradient.uasset" 177
"../../../Engine/Content/EngineDebugMaterials/BoneWeightMaterial.uasset" 178
"../../../Engine/Content/EngineDebugMaterials/GeomMaterial.uasset" 179
"../../../Engine/Content/Functions/Engine_MaterialFunctions01/Shading/ConvertFromDiffSpec.uasset" 180
"../../../Engine/Content/EngineDebugMaterials/LevelColorationLitMaterial.uasset" 181
"../../../Engine/Content/EngineDebugMaterials/LevelColorationUnlitMaterial.uasset" 182
"../../../Engine/Content/EngineMaterials/DefaultWhiteGrid.uasset" 183
"../../../Engine/Content/EngineDebugMaterials/MAT_LevelColorationLitLightmapUV.uasset" 184
"../../../Engine/Content/EngineDebugMaterials/ShadedLevelColorationLitMaterial.uasset" 185
"../../../Engine/Content/EngineDebugMaterials/ShadedLevelColorationUnlitMateri.uasset" 186
"../../../Engine/Content/EngineDebugMaterials/VertexColorMaterial.uasset" 187
"../../../Engine/Content/EngineDebugMaterials/VertexColorViewMode_AlphaAsColor.uasset" 188
"../../../Engine/Content/EngineDebugMaterials/VertexColorViewMode_BlueOnly.uasset" 189
"../../../Engine/Content/EngineDebugMaterials/VertexColorViewMode_ColorOnly.uasset" 190
"../../../Engine/Content/EngineDebugMaterials/VertexColorViewMode_GreenOnly.uasset" 191
"../../../Engine/Content/EngineDebugMaterials/VertexColorViewMode_RedOnly.uasset" 192
"../../../Engine/Content/EngineDebugMaterials/WireframeMaterial.uasset" 193
"../../../Engine/Content/EngineMaterials/EditorBrushMaterial.uasset" 194
"../../../Engine/Content/MobileResources/T_MobileControls_texture.uasset" 195
"../../../Engine/Content/MobileResources/T_MobileMenu2.uasset" 196
"../../../Engine/Content/MobileResources/HUD/AnalogHat.uasset" 197
"../../../Engine/Content/MobileResources/HUD/VirtualJoystick_Background.uasset" 198
"../../../Engine/Content/MobileResources/HUD/VirtualJoystick_Thumb.uasset" 199
"../../../Engine/Content/MobileResources/HUD/DefaultVirtualJoysticks.uasset" 200
"../../../Engine/Content/MobileResources/HUD/LeftVirtualJoystickOnly.uasset" 201
"../../../Engine/Content/MobileResources/HUD/MobileHUDButton1_off.uasset" 202
"../../../Engine/Content/MobileResources/HUD/MobileHUDButton2_off.uasset" 203
"../../../Engine/Content/MobileResources/HUD/MobileHUDButton2_on.uasset" 204
"../../../Engine/Content/MobileResources/HUD/MobileHUDButton3.uasset" 205
"../../../Engine/Content/MobileResources/HUD/MobileHUDDirectionPad.uasset" 206
"../../../Engine/Content/MobileResources/HUD/MobileHUDDirectionPad3.uasset" 207
"../../../Engine/Content/MobileResources/HUD/MobileHUDDirectionStick.uasset" 208
"../../../Engine/Content/MobileResources/HUD/T_Castle_ThumbstickInner.uasset" 209
"../../../Engine/Content/MobileResources/HUD/T_Castle_ThumbstickOutter.uasset" 210
"../../../Engine/Content/Tutorial/BlueprintTutorials/TutorialAssets/Blueprint_64x.uasset" 211
"../../../Engine/Content/Tutorial/BlueprintTutorials/BlueprintEditorTutorial.uasset" 212
"../../../Engine/Content/Tutorial/BlueprintTutorials/TutorialAssets/BlueprintInterface_64x.uasset" 213
"../../../Engine/Content/Tutorial/BlueprintTutorials/TutorialAssets/Tutorial_BP_Interface.uasset" 214
"../../../Engine/Content/Tutorial/BlueprintTutorials/BlueprintInterfacesEditorOverview.uasset" 215
"../../../Engine/Content/Tutorial/BlueprintTutorials/TutorialAssets/BlueprintMacroLibrary_64x.uasset" 216
"../../../Engine/Content/Tutorial/BlueprintTutorials/TutorialAssets/Tutorial_BP_MacroLib.uasset" 217
"../../../Engine/Content/Tutorial/BlueprintTutorials/BlueprintMacroLibrariesEditorOverview.uasset" 218
"../../../Engine/Content/Tutorial/BlueprintTutorials/LevelBlueprintEditorOverview.uasset" 219
"../../../Engine/Content/Tutorial/Foliage/TutorialAssets/Foliage.uasset" 220
"../../../Engine/Content/Tutorial/Foliage/Foliage_Settings_Tutorial.uasset" 221
"../../../Engine/Content/Tutorial/Foliage/Foliage_Using_The_Tool_Tutorial.uasset" 222
"../../../Engine/Content/Tutorial/Foliage/Foliage_Intro_Tutorial.uasset" 223
"../../../Engine/Content/Tutorial/Landscape/TutorialAssets/Landscape.uasset" 224
"../../../Engine/Content/Tutorial/Landscape/Landscape_Painting_Mode.uasset" 225
"../../../Engine/Content/Tutorial/Landscape/Landscape_Sculpt_Mode.uasset" 226
"../../../Engine/Content/Tutorial/Landscape/Landscape_Manage_Mode.uasset" 227
"../../../Engine/Content/Tutorial/Paper2D/TutorialAssets/Paper2DFlipbook_TutorialIcon.uasset" 228
"../../../Engine/Content/Tutorial/Paper2D/FlipbookEditorTutorial.uasset" 229
"../../../Engine/Content/Tutorial/Paper2D/TutorialAssets/Paper2DSprite_TutorialIcon.uasset" 230
"../../../Engine/Content/Tutorial/Paper2D/SpriteEditorTutorial.uasset" 231
"../../../Engine/Content/EditorMeshes/EditorCube.uasset" 232
"../../../Engine/Content/Tutorial/SubEditors/TutorialAssets/Tutorial_DM.uasset" 233
"../../../Engine/Content/Tutorial/SubEditors/DestructibleMeshEditorTutorial.uasset" 234
"../../../Engine/Content/Tutorial/SubEditors/TutorialAssets/TutorialMaterial.uasset" 235
"../../../Engine/Content/Tutorial/SubEditors/MaterialEditorTutorial.uasset" 236
"../../../Engine/Content/Tutorial/SubEditors/TutorialAssets/T_SmokeSubUV_8X8.uasset" 237
"../../../Engine/Content/Tutorial/SubEditors/TutorialAssets/T_soft_smoke.uasset" 238
"../../../Engine/Content/Tutorial/SubEditors/TutorialAssets/M_smoke_subUV_blackbody.uasset" 239
"../../../Engine/Content/Tutorial/SubEditors/TutorialAssets/TutorialParticleSystem.uasset" 240
"../../../Engine/Content/Tutorial/SubEditors/ParticleSystemEditorTutorial.uasset" 241
"../../../Engine/Content/Tutorial/SubEditors/TutorialAssets/icon_ShowSkeletalMeshes_40x.uasset" 242
"../../../Engine/Content/Tutorial/SubEditors/TutorialAssets/Character/TutorialTPP_Mat.uasset" 243
"../../../Engine/Content/Tutorial/SubEditors/TutorialAssets/Character/TutorialTPP_PhysicsAsset.uasset" 244
"../../../Engine/Content/Tutorial/SubEditors/TutorialAssets/Character/TutorialTPP.uasset" 245
"../../../Engine/Content/Tutorial/SubEditors/TutorialAssets/Character/TutorialTPP_Skeleton.uasset" 246
"../../../Engine/Content/Tutorial/SubEditors/TutorialAssets/Character/Tutorial_Idle.uasset" 247
"../../../Engine/Content/Tutorial/SubEditors/TutorialAssets/Character/Tutorial_Walk_Fwd.uasset" 248
"../../../Engine/Content/Tutorial/SubEditors/TutorialAssets/Character/NewBlendSpace1D.uasset" 249
"../../../Engine/Content/Tutorial/SubEditors/TutorialAssets/Character/TutorialCharacter.uasset" 250
"../../../Engine/Content/Tutorial/SubEditors/TutorialAssets/Character/TutorialTPP_AnimBlueprint.uasset" 251
"../../../Engine/Content/Tutorial/SubEditors/PersonaAnimBlueprintEditorWalkthrough.uasset" 252
"../../../Engine/Content/Tutorial/SubEditors/PersonaAnimEditorWalkthrough.uasset" 253
"../../../Engine/Content/Tutorial/SubEditors/PersonaAnimEditorTutorial.uasset" 254
"../../../Engine/Content/EngineMeshes/Cube.uasset" 255
"../../../Engine/Content/Tutorial/SubEditors/StaticMeshEditorTutorial.uasset" 256
"../../../Engine/Content/Tutorial/SubEditors/TutorialAssets/icon_Editor_Preferences_General_40x.uasset" 257
