"C:/Users/thebird/Documents/Unreal Projects/shard/why.uproject" 1
"../../../Engine/Plugins/2D/Paper2D/Paper2D.uplugin" 2
"../../../Engine/Plugins/Blendables/LightPropagationVolume/LightPropagationVolume.uplugin" 3
"../../../Engine/Plugins/Developer/BlankPlugin/BlankPlugin.uplugin" 4
"../../../Engine/Plugins/Developer/CodeLiteSourceCodeAccess/CodeLiteSourceCodeAccess.uplugin" 5
"../../../Engine/Plugins/Developer/GitSourceControl/GitSourceControl.uplugin" 6
"../../../Engine/Plugins/Developer/KDevelopSourceCodeAccess/KDevelopSourceCodeAccess.uplugin" 7
"../../../Engine/Plugins/Developer/NullSourceCodeAccess/NullSourceCodeAccess.uplugin" 8
"../../../Engine/Plugins/Developer/OneSkyLocalizationService/OneSkyLocalizationService.uplugin" 9
"../../../Engine/Plugins/Developer/PerforceSourceControl/PerforceSourceControl.uplugin" 10
"../../../Engine/Plugins/Developer/SubversionSourceControl/SubversionSourceControl.uplugin" 11
"../../../Engine/Plugins/Developer/UObjectPlugin/UObjectPlugin.uplugin" 12
"../../../Engine/Plugins/Developer/VisualStudioSourceCodeAccess/VisualStudioSourceCodeAccess.uplugin" 13
"../../../Engine/Plugins/Developer/XCodeSourceCodeAccess/XCodeSourceCodeAccess.uplugin" 14
"../../../Engine/Plugins/Editor/EpicSurvey/EpicSurvey.uplugin" 15
"../../../Engine/Plugins/Editor/MacGraphicsSwitching/MacGraphicsSwitching.uplugin" 16
"../../../Engine/Plugins/Editor/PluginBrowser/PluginBrowser.uplugin" 17
"../../../Engine/Plugins/Editor/SpeedTreeImporter/SpeedTreeImporter.uplugin" 18
"../../../Engine/Plugins/Experimental/BlueprintStats/BlueprintStats.uplugin" 19
"../../../Engine/Plugins/Experimental/CharacterAI/CharacterAI.uplugin" 20
"../../../Engine/Plugins/Experimental/CodeEditor/CodeEditor.uplugin" 21
"../../../Engine/Plugins/Experimental/CodeView/CodeView.uplugin" 22
"../../../Engine/Plugins/Experimental/HTML5Networking/HTML5Networking.uplugin" 23
"../../../Engine/Plugins/Experimental/LiveEditor/LiveEditor.uplugin" 24
"../../../Engine/Plugins/Experimental/Phya/Phya.uplugin" 25
"../../../Engine/Plugins/Experimental/SimpleHMD/SimpleHMD.uplugin" 26
"../../../Engine/Plugins/Experimental/StructBox/StructBox.uplugin" 27
"../../../Engine/Plugins/Media/AndroidMedia/AndroidMedia.uplugin" 28
"../../../Engine/Plugins/Media/AvfMedia/AvfMedia.uplugin" 29
"../../../Engine/Plugins/Media/MediaPlayerEditor/MediaPlayerEditor.uplugin" 30
"../../../Engine/Plugins/Media/WmfMedia/WmfMedia.uplugin" 31
"../../../Engine/Plugins/Messaging/MessagingDebugger/MessagingDebugger.uplugin" 32
"../../../Engine/Plugins/Messaging/UdpMessaging/UdpMessaging.uplugin" 33
"../../../Engine/Plugins/NetcodeUnitTest/NetcodeUnitTest/NetcodeUnitTest.uplugin" 34
"../../../Engine/Plugins/NetcodeUnitTest/NUTUnrealEngine4/NUTUnrealEngine4.uplugin" 35
"../../../Engine/Plugins/Runtime/Advertising/IOSTapJoy/IOSTapJoy.uplugin" 36
"../../../Engine/Plugins/Runtime/Analytics/AnalyticsBlueprintLibrary/AnalyticsBlueprintLibrary.uplugin" 37
"../../../Engine/Plugins/Runtime/Analytics/AnalyticsMulticast/AnalyticsMulticast.uplugin" 38
"../../../Engine/Plugins/Runtime/Analytics/Apsalar/IOSApsalar/IOSApsalar.uplugin" 39
"../../../Engine/Plugins/Runtime/Analytics/FileLogging/FileLogging.uplugin" 40
"../../../Engine/Plugins/Runtime/Analytics/Flurry/IOSFlurry/IOSFlurry.uplugin" 41
"../../../Engine/Plugins/Runtime/AndroidDeviceProfileSelector/AndroidDeviceProfileSelector.uplugin" 42
"../../../Engine/Plugins/Runtime/AndroidMoviePlayer/AndroidMoviePlayer.uplugin" 43
"../../../Engine/Plugins/Runtime/AppleMoviePlayer/AppleMoviePlayer.uplugin" 44
"../../../Engine/Plugins/Runtime/ArchVisCharacter/ArchVisCharacter.uplugin" 45
"../../../Engine/Plugins/Runtime/CableComponent/CableComponent.uplugin" 46
"../../../Engine/Plugins/Runtime/CustomMeshComponent/CustomMeshComponent.uplugin" 47
"../../../Engine/Plugins/Runtime/ExampleDeviceProfileSelector/ExampleDeviceProfileSelector.uplugin" 48
"../../../Engine/Plugins/Runtime/GearVR/GearVR.uplugin" 49
"../../../Engine/Plugins/Runtime/IOSDeviceProfileSelector/IOSDeviceProfileSelector.uplugin" 50
"../../../Engine/Plugins/Runtime/LeapMotionController/LeapMotionController.uplugin" 51
"../../../Engine/Plugins/Runtime/LiveEditorListenServer/LiveEditorListenServer.uplugin" 52
"../../../Engine/Plugins/Runtime/OculusAudio/OculusAudio.uplugin" 53
"../../../Engine/Plugins/Runtime/OculusLibrary/OculusLibrary.uplugin" 54
"../../../Engine/Plugins/Runtime/OculusRift/OculusRift.uplugin" 55
"../../../Engine/Plugins/Runtime/ProceduralMeshComponent/ProceduralMeshComponent.uplugin" 56
"../../../Engine/Plugins/Runtime/SoundMod/SoundMod.uplugin" 57
"../../../Engine/Plugins/Runtime/SoundVisualizations/SoundVisualizations.uplugin" 58
"../../../Engine/Plugins/Runtime/Steam/SteamController/SteamController.uplugin" 59
"../../../Engine/Plugins/Runtime/Steam/SteamVR/SteamVR.uplugin" 60
"../../../Engine/Plugins/Runtime/WebBrowserWidget/WebBrowserWidget.uplugin" 61
"../../../Engine/Plugins/Runtime/WindowsDeviceProfileSelector/WindowsDeviceProfileSelector.uplugin" 62
"../../../Engine/Plugins/Runtime/WindowsMoviePlayer/WindowsMoviePlayer.uplugin" 63
"../../../Engine/Plugins/ScriptGeneratorPlugin/ScriptGeneratorPlugin.uplugin" 64
"../../../Engine/Plugins/ScriptPlugin/ScriptPlugin.uplugin" 65
"../../../Engine/Plugins/Slate/SlateRemote/SlateRemote.uplugin" 66
"..\..\..\Engine\Content\Internationalization\icudt53l\cnvalias.icu" 67
"..\..\..\Engine\Content\Internationalization\icudt53l\en_US_POSIX.res" 68
"..\..\..\Engine\Content\Internationalization\icudt53l\pool.res" 69
"..\..\..\Engine\Content\Internationalization\icudt53l\en_US.res" 70
"..\..\..\Engine\Content\Internationalization\icudt53l\en.res" 71
"..\..\..\Engine\Content\Internationalization\icudt53l\root.res" 72
"C:/Users/thebird/AppData/Local/UnrealEngine/4.9/Saved/Config/Windows/Manifest.ini" 73
"../../../Engine/Config/Base.ini" 74
"../../../Engine/Config/BaseEngine.ini" 75
"C:/Users/thebird/Documents/Unreal Projects/shard/Config/DefaultEngine.ini" 76
"../../../Engine/Config/Windows/WindowsEngine.ini" 77
"C:/Users/thebird/Documents/Unreal Projects/shard/Saved/Config/Windows/Engine.ini" 78
"../../../../../../Users/thebird/Documents/Unreal Projects/shard/Intermediate/Config/CoalescedSourceConfigs/Engine.ini" 79
"../../../Engine/Config/BaseGame.ini" 80
"C:/Users/thebird/Documents/Unreal Projects/shard/Config/DefaultGame.ini" 81
"C:/Users/thebird/Documents/Unreal Projects/shard/Saved/Config/Windows/Game.ini" 82
"../../../../../../Users/thebird/Documents/Unreal Projects/shard/Intermediate/Config/CoalescedSourceConfigs/Game.ini" 83
"../../../Engine/Config/BaseInput.ini" 84
"C:/Users/thebird/Documents/Unreal Projects/shard/Config/DefaultInput.ini" 85
"C:/Users/thebird/Documents/Unreal Projects/shard/Saved/Config/Windows/Input.ini" 86
"../../../../../../Users/thebird/Documents/Unreal Projects/shard/Intermediate/Config/CoalescedSourceConfigs/Input.ini" 87
"../../../Engine/Config/BaseEditor.ini" 88
"C:/Users/thebird/Documents/Unreal Projects/shard/Config/DefaultEditor.ini" 89
"C:/Users/thebird/Documents/Unreal Projects/shard/Saved/Config/Windows/Editor.ini" 90
"../../../../../../Users/thebird/Documents/Unreal Projects/shard/Intermediate/Config/CoalescedSourceConfigs/Editor.ini" 91
"../../../Engine/Config/BaseEditorPerProjectUserSettings.ini" 92
"C:/Users/thebird/Documents/Unreal Projects/shard/Config/DefaultEditorPerProjectUserSettings.ini" 93
"C:/Users/thebird/Documents/Unreal Projects/shard/Saved/Config/Windows/EditorPerProjectUserSettings.ini" 94
"../../../../../../Users/thebird/Documents/Unreal Projects/shard/Intermediate/Config/CoalescedSourceConfigs/EditorPerProjectUserSettings.ini" 95
"../../../Engine/Config/BaseEditorSettings.ini" 96
"C:/Users/thebird/AppData/Local/UnrealEngine/4.9/Saved/Config/Windows/EditorSettings.ini" 97
"../../../../../../Users/thebird/Documents/Unreal Projects/shard/Intermediate/Config/CoalescedSourceConfigs/EditorSettings.ini" 98
"../../../Engine/Config/BaseEditorLayout.ini" 99
"C:/Users/thebird/AppData/Local/UnrealEngine/4.9/Saved/Config/Windows/EditorLayout.ini" 100
"../../../../../../Users/thebird/Documents/Unreal Projects/shard/Intermediate/Config/CoalescedSourceConfigs/EditorLayout.ini" 101
"../../../Engine/Config/BaseEditorKeyBindings.ini" 102
"C:/Users/thebird/AppData/Local/UnrealEngine/4.9/Saved/Config/Windows/EditorKeyBindings.ini" 103
"../../../../../../Users/thebird/Documents/Unreal Projects/shard/Intermediate/Config/CoalescedSourceConfigs/EditorKeyBindings.ini" 104
"../../../Engine/Config/BaseCompat.ini" 105
"C:/Users/thebird/Documents/Unreal Projects/shard/Saved/Config/Windows/Compat.ini" 106
"../../../../../../Users/thebird/Documents/Unreal Projects/shard/Intermediate/Config/CoalescedSourceConfigs/Compat.ini" 107
"../../../Engine/Config/BaseLightmass.ini" 108
"C:/Users/thebird/Documents/Unreal Projects/shard/Saved/Config/Windows/Lightmass.ini" 109
"../../../../../../Users/thebird/Documents/Unreal Projects/shard/Intermediate/Config/CoalescedSourceConfigs/Lightmass.ini" 110
"../../../Engine/Config/BaseScalability.ini" 111
"C:/Users/thebird/Documents/Unreal Projects/shard/Saved/Config/Windows/Scalability.ini" 112
"../../../../../../Users/thebird/Documents/Unreal Projects/shard/Intermediate/Config/CoalescedSourceConfigs/Scalability.ini" 113
"C:/Users/thebird/Documents/Unreal Projects/shard/Saved/Config/Windows/GameUserSettings.ini" 114
"../../../../../../Users/thebird/Documents/Unreal Projects/shard/Intermediate/Config/CoalescedSourceConfigs/GameUserSettings.ini" 115
"../../../Engine/Config/BaseDeviceProfiles.ini" 116
"C:/Users/thebird/Documents/Unreal Projects/shard/Saved/Config/Windows/DeviceProfiles.ini" 117
"../../../../../../Users/thebird/Documents/Unreal Projects/shard/Intermediate/Config/CoalescedSourceConfigs/DeviceProfiles.ini" 118
"../../../Engine/Config/ConsoleVariables.ini" 119
"..\..\..\Engine\Content\Internationalization\icudt53l\es.res" 120
"..\..\..\Engine\Content\Internationalization\icudt53l\ja.res" 121
"..\..\..\Engine\Content\Internationalization\icudt53l\ko.res" 122
"..\..\..\Engine\Content\Internationalization\icudt53l\pt_BR.res" 123
"..\..\..\Engine\Content\Internationalization\icudt53l\pt.res" 124
"..\..\..\Engine\Content\Internationalization\icudt53l\zh_CN.res" 125
"..\..\..\Engine\Content\Internationalization\icudt53l\zh_Hans_CN.res" 126
"..\..\..\Engine\Content\Internationalization\icudt53l\zh_Hans.res" 127
"..\..\..\Engine\Content\Internationalization\icudt53l\zh.res" 128
"C:/Program Files/Epic Games/4.9/Engine/Content/Localization/Editor/en/Editor.locres" 129
"C:/Program Files/Epic Games/4.9/Engine/Content/Localization/EditorTutorials/en/EditorTutorials.locres" 130
"C:/Program Files/Epic Games/4.9/Engine/Content/Localization/Keywords/en/Keywords.locres" 131
"C:/Program Files/Epic Games/4.9/Engine/Content/Localization/Category/en/Category.locres" 132
"C:/Program Files/Epic Games/4.9/Engine/Content/Localization/ToolTips/en/ToolTips.locres" 133
"C:/Program Files/Epic Games/4.9/Engine/Content/Localization/PropertyNames/en/PropertyNames.locres" 134
"C:/Program Files/Epic Games/4.9/Engine/Content/Localization/Engine/en/Engine.locres" 135
"../../../Engine/Content/Slate/Fonts/Roboto-Regular.ttf" 136
"../../../Engine/Content/Slate/Fonts/DroidSansMono.ttf" 137
"../../../Engine/Content/Slate/Fonts/Roboto-Bold.ttf" 138
"../../../Engine/Content/Slate/Fonts/Roboto-Light.ttf" 139
"C:/Program Files/Epic Games/4.9/Engine/Binaries/Win64/../../../Engine/Shaders/ParticleSpriteVertexFactory.usf" 140
"C:/Program Files/Epic Games/4.9/Engine/Binaries/Win64/../../../Engine/Shaders/VertexFactoryCommon.usf" 141
"C:/Program Files/Epic Games/4.9/Engine/Binaries/Win64/../../../Engine/Shaders/Common.usf" 142
"C:/Program Files/Epic Games/4.9/Engine/Binaries/Win64/../../../Engine/Shaders/MetalCommon.usf" 143
"C:/Program Files/Epic Games/4.9/Engine/Binaries/Win64/../../../Engine/Shaders/ShaderVersion.usf" 144
"C:/Program Files/Epic Games/4.9/Engine/Binaries/Win64/../../../Engine/Shaders/CommonViewUniformBuffer.usf" 145
"C:/Program Files/Epic Games/4.9/Engine/Binaries/Win64/../../../Engine/Shaders/Definitions.usf" 146
"C:/Program Files/Epic Games/4.9/Engine/Binaries/Win64/../../../Engine/Shaders/Random.usf" 147
"C:/Program Files/Epic Games/4.9/Engine/Binaries/Win64/../../../Engine/Shaders/ParticleVertexFactoryCommon.usf" 148
"C:/Program Files/Epic Games/4.9/Engine/Binaries/Win64/../../../Engine/Shaders/ParticleGPUSpriteVertexFactory.usf" 149
"C:/Program Files/Epic Games/4.9/Engine/Binaries/Win64/../../../Engine/Shaders/ParticleBeamTrailVertexFactory.usf" 150
"C:/Program Files/Epic Games/4.9/Engine/Binaries/Win64/../../../Engine/Shaders/LocalVertexFactory.usf" 151
"C:/Program Files/Epic Games/4.9/Engine/Binaries/Win64/../../../Engine/Shaders/LocalVertexFactoryCommon.usf" 152
"C:/Program Files/Epic Games/4.9/Engine/Binaries/Win64/../../../Engine/Shaders/VectorFieldVisualizationVertexFactory.usf" 153
"C:/Program Files/Epic Games/4.9/Engine/Binaries/Win64/../../../Engine/Shaders/MeshParticleVertexFactory.usf" 154
"C:/Program Files/Epic Games/4.9/Engine/Binaries/Win64/../../../Engine/Shaders/GpuSkinVertexFactory.usf" 155
"C:/Program Files/Epic Games/4.9/Engine/Binaries/Win64/../../../Engine/Shaders/GpuSkinCacheCommon.usf" 156
"C:/Program Files/Epic Games/4.9/Engine/Binaries/Win64/../../../Engine/Shaders/LandscapeVertexFactory.usf" 157
"C:/Program Files/Epic Games/4.9/Engine/Binaries/Win64/../../../Engine/Shaders/SlateElementPixelShader.usf" 158
"C:/Program Files/Epic Games/4.9/Engine/Binaries/Win64/../../../Engine/Shaders/GammaCorrectionCommon.usf" 159
"C:/Program Files/Epic Games/4.9/Engine/Binaries/Win64/../../../Engine/Shaders/MaterialTemplate.usf" 160
"C:/Program Files/Epic Games/4.9/Engine/Binaries/Win64/../../../Engine/Shaders/DepthOfFieldCommon.usf" 161
"C:/Program Files/Epic Games/4.9/Engine/Binaries/Win64/../../../Engine/Shaders/GlobalDistanceFieldShared.usf" 162
"C:/Program Files/Epic Games/4.9/Engine/Binaries/Win64/../../../Engine/Shaders/SpeedTreeCommon.usf" 163
"C:/Program Files/Epic Games/4.9/Engine/Binaries/Win64/../../../Engine/Shaders/AtmosphereCommon.usf" 164
"C:/Program Files/Epic Games/4.9/Engine/Binaries/Win64/../../../Engine/Shaders/PaniniProjection.usf" 165
"C:/Program Files/Epic Games/4.9/Engine/Binaries/Win64/../../../Engine/Shaders/EyeAdaptationCommon.usf" 166
"C:/Program Files/Epic Games/4.9/Engine/Binaries/Win64/../../../Engine/Shaders/PostProcessCommon.usf" 167
"C:/Program Files/Epic Games/4.9/Engine/Binaries/Win64/../../../Engine/Shaders/DeferredShadingCommon.usf" 168
"C:/Program Files/Epic Games/4.9/Engine/Binaries/Win64/../../../Engine/Shaders/LightAccumulator.usf" 169
"C:/Program Files/Epic Games/4.9/Engine/Binaries/Win64/../../../Engine/Shaders/SlateVertexShader.usf" 170
"C:/Program Files/Epic Games/4.9/Engine/Binaries/Win64/../../../Engine/Shaders/ParticleSortKeyGen.usf" 171
"C:/Program Files/Epic Games/4.9/Engine/Binaries/Win64/../../../Engine/Shaders/ParticleBoundsShader.usf" 172
"C:/Program Files/Epic Games/4.9/Engine/Binaries/Win64/../../../Engine/Shaders/ParticleSimVisualizeShader.usf" 173
"C:/Program Files/Epic Games/4.9/Engine/Binaries/Win64/../../../Engine/Shaders/ParticleInjectionShader.usf" 174
"C:/Program Files/Epic Games/4.9/Engine/Binaries/Win64/../../../Engine/Shaders/ParticleSimulationShader.usf" 175
"C:/Program Files/Epic Games/4.9/Engine/Binaries/Win64/../../../Engine/Shaders/ParticleCurveInjectionShader.usf" 176
"C:/Program Files/Epic Games/4.9/Engine/Binaries/Win64/../../../Engine/Shaders/VectorFieldCompositeShaders.usf" 177
"C:/Program Files/Epic Games/4.9/Engine/Binaries/Win64/../../../Engine/Shaders/UpdateTextureShaders.usf" 178
"C:/Program Files/Epic Games/4.9/Engine/Binaries/Win64/../../../Engine/Shaders/SimpleElementColorChannelMaskPixelShader.usf" 179
"C:/Program Files/Epic Games/4.9/Engine/Binaries/Win64/../../../Engine/Shaders/SimpleElementPixelShader.usf" 180
"C:/Program Files/Epic Games/4.9/Engine/Binaries/Win64/../../../Engine/Shaders/ColorUtils.usf" 181
"C:/Program Files/Epic Games/4.9/Engine/Binaries/Win64/../../../Engine/Shaders/IESLightProfilesCommon.usf" 182
"C:/Program Files/Epic Games/4.9/Engine/Binaries/Win64/../../../Engine/Shaders/SimpleElementHitProxyPixelShader.usf" 183
"C:/Program Files/Epic Games/4.9/Engine/Binaries/Win64/../../../Engine/Shaders/SimpleElementVertexShader.usf" 184
"C:/Program Files/Epic Games/4.9/Engine/Binaries/Win64/../../../Engine/Shaders/ScreenVertexShader.usf" 185
"C:/Program Files/Epic Games/4.9/Engine/Binaries/Win64/../../../Engine/Shaders/ScreenPixelShader.usf" 186
"C:/Program Files/Epic Games/4.9/Engine/Binaries/Win64/../../../Engine/Shaders/RadixSortShaders.usf" 187
"C:/Program Files/Epic Games/4.9/Engine/Binaries/Win64/../../../Engine/Shaders/GpuSkinCacheComputeShader.usf" 188
"C:/Program Files/Epic Games/4.9/Engine/Binaries/Win64/../../../Engine/Shaders/NullPixelShader.usf" 189
"C:/Program Files/Epic Games/4.9/Engine/Binaries/Win64/../../../Engine/Shaders/LandscapeGrassWeight.usf" 190
"C:/Program Files/Epic Games/4.9/Engine/Binaries/Win64/../../../Engine/Shaders/SimpleElementTexture2DPreviewPixelShader.usf" 191
"C:/Program Files/Epic Games/4.9/Engine/Binaries/Win64/../../../Engine/Shaders/SimpleElementNormalMapPixelShader.usf" 192
"C:/Program Files/Epic Games/4.9/Engine/Binaries/Win64/../../../Engine/Shaders/meshpaintdilatepixelshader.usf" 193
"C:/Program Files/Epic Games/4.9/Engine/Binaries/Win64/../../../Engine/Shaders/meshpaintdilatevertexshader.usf" 194
"C:/Program Files/Epic Games/4.9/Engine/Binaries/Win64/../../../Engine/Shaders/MeshPaintPixelShader.usf" 195
"C:/Program Files/Epic Games/4.9/Engine/Binaries/Win64/../../../Engine/Shaders/MeshPaintVertexShader.usf" 196
"C:/Program Files/Epic Games/4.9/Engine/Binaries/Win64/../../../Engine/Shaders/VisualizeTexture.usf" 197
"C:/Program Files/Epic Games/4.9/Engine/Binaries/Win64/../../../Engine/Shaders/ScreenSpaceReflections.usf" 198
"C:/Program Files/Epic Games/4.9/Engine/Binaries/Win64/../../../Engine/Shaders/BRDF.usf" 199
"C:/Program Files/Epic Games/4.9/Engine/Binaries/Win64/../../../Engine/Shaders/MonteCarlo.usf" 200
"C:/Program Files/Epic Games/4.9/Engine/Binaries/Win64/../../../Engine/Shaders/ScreenSpaceRayCast.usf" 201
"C:/Program Files/Epic Games/4.9/Engine/Binaries/Win64/../../../Engine/Shaders/FilterVertexShader.usf" 202
"C:/Program Files/Epic Games/4.9/Engine/Binaries/Win64/../../../Engine/Shaders/FilterPixelShader.usf" 203
"C:/Program Files/Epic Games/4.9/Engine/Binaries/Win64/../../../Engine/Shaders/PostProcessVisualizeHDR.usf" 204
"C:/Program Files/Epic Games/4.9/Engine/Binaries/Win64/../../../Engine/Shaders/PostProcessHistogramCommon.usf" 205
"C:/Program Files/Epic Games/4.9/Engine/Binaries/Win64/../../../Engine/Shaders/TonemapCommon.usf" 206
"C:/Program Files/Epic Games/4.9/Engine/Binaries/Win64/../../../Engine/Shaders/ACES.usf" 207
"C:/Program Files/Epic Games/4.9/Engine/Binaries/Win64/../../../Engine/Shaders/MiniFontCommon.usf" 208
"C:/Program Files/Epic Games/4.9/Engine/Binaries/Win64/../../../Engine/Shaders/PostProcessVisualizeBuffer.usf" 209
"C:/Program Files/Epic Games/4.9/Engine/Binaries/Win64/../../../Engine/Shaders/PostProcessUpscale.usf" 210
"C:/Program Files/Epic Games/4.9/Engine/Binaries/Win64/../../../Engine/Shaders/PostProcessTonemap.usf" 211
"C:/Program Files/Epic Games/4.9/Engine/Binaries/Win64/../../../Engine/Shaders/PostProcessTestImage.usf" 212
"C:/Program Files/Epic Games/4.9/Engine/Binaries/Win64/../../../Engine/Shaders/PostProcessTemporalAA.usf" 213
"C:/Program Files/Epic Games/4.9/Engine/Binaries/Win64/../../../Engine/Shaders/PostProcessTemporalCommon.usf" 214
"C:/Program Files/Epic Games/4.9/Engine/Binaries/Win64/../../../Engine/Shaders/PostProcessSubsurface.usf" 215
"C:/Program Files/Epic Games/4.9/Engine/Binaries/Win64/../../../Engine/Shaders/SeparableSSS.usf" 216
"C:/Program Files/Epic Games/4.9/Engine/Binaries/Win64/../../../Engine/Shaders/PostProcessSelectionOutline.usf" 217
"C:/Program Files/Epic Games/4.9/Engine/Binaries/Win64/../../../Engine/Shaders/PostProcessSceneColorFringe.usf" 218
"C:/Program Files/Epic Games/4.9/Engine/Binaries/Win64/../../../Engine/Shaders/PostProcessNoiseBlur.usf" 219
"C:/Program Files/Epic Games/4.9/Engine/Binaries/Win64/../../../Engine/Shaders/PostProcessMotionBlur.usf" 220
"C:/Program Files/Epic Games/4.9/Engine/Binaries/Win64/../../../Engine/Shaders/FastMath.usf" 221
"C:/Program Files/Epic Games/4.9/Engine/Binaries/Win64/../../../Engine/Shaders/PostProcessVelocityFlatten.usf" 222
"C:/Program Files/Epic Games/4.9/Engine/Binaries/Win64/../../../Engine/Shaders/MorpheusInclude.usf" 223
"C:/Program Files/Epic Games/4.9/Engine/Binaries/Win64/../../../Engine/Shaders/PostProcessMobile.usf" 224
"C:/Program Files/Epic Games/4.9/Engine/Binaries/Win64/../../../Engine/Shaders/PostProcessMaterialShaders.usf" 225
"C:/Program Files/Epic Games/4.9/Engine/Binaries/Win64/../../../Engine/Shaders/PostProcessLensFlares.usf" 226
"C:/Program Files/Epic Games/4.9/Engine/Binaries/Win64/../../../Engine/Shaders/PostProcessLensBlur.usf" 227
"C:/Program Files/Epic Games/4.9/Engine/Binaries/Win64/../../../Engine/Shaders/PostProcessBloom.usf" 228
"C:/Program Files/Epic Games/4.9/Engine/Binaries/Win64/../../../Engine/Shaders/PostProcessHMD.usf" 229
"C:/Program Files/Epic Games/4.9/Engine/Binaries/Win64/../../../Engine/Shaders/PostProcessHistogramReduce.usf" 230
"C:/Program Files/Epic Games/4.9/Engine/Binaries/Win64/../../../Engine/Shaders/PostProcessHistogram.usf" 231
"C:/Program Files/Epic Games/4.9/Engine/Binaries/Win64/../../../Engine/Shaders/PostProcessHierarchical.usf" 232
"C:/Program Files/Epic Games/4.9/Engine/Binaries/Win64/../../../Engine/Shaders/PostProcessGBufferHints.usf" 233
"C:/Program Files/Epic Games/4.9/Engine/Binaries/Win64/../../../Engine/Shaders/PostProcessEyeAdaptation.usf" 234
"C:/Program Files/Epic Games/4.9/Engine/Binaries/Win64/../../../Engine/Shaders/PostProcessDownsample.usf" 235
"C:/Program Files/Epic Games/4.9/Engine/Binaries/Win64/../../../Engine/Shaders/PostProcessDOF.usf" 236
"C:/Program Files/Epic Games/4.9/Engine/Binaries/Win64/../../../Engine/Shaders/PostProcessCompositeEditorPrimitives.usf" 237
"C:/Program Files/Epic Games/4.9/Engine/Binaries/Win64/../../../Engine/Shaders/PostProcessCombineLUTs.usf" 238
"C:/Program Files/Epic Games/4.9/Engine/Binaries/Win64/../../../Engine/Shaders/PostProcessCircleDOF.usf" 239
"C:/Program Files/Epic Games/4.9/Engine/Binaries/Win64/../../../Engine/Shaders/CircleDOFCommon.usf" 240
"C:/Program Files/Epic Games/4.9/Engine/Binaries/Win64/../../../Engine/Shaders/PostProcessBusyWait.usf" 241
"C:/Program Files/Epic Games/4.9/Engine/Binaries/Win64/../../../Engine/Shaders/PostProcessBokehDOF.usf" 242
"C:/Program Files/Epic Games/4.9/Engine/Binaries/Win64/../../../Engine/Shaders/PostProcessVisualizeDOF.usf" 243
"C:/Program Files/Epic Games/4.9/Engine/Binaries/Win64/../../../Engine/Shaders/FXAAShader.usf" 244
"C:/Program Files/Epic Games/4.9/Engine/Binaries/Win64/../../../Engine/Shaders/Fxaa3_11.usf" 245
"C:/Program Files/Epic Games/4.9/Engine/Binaries/Win64/../../../Engine/Shaders/PostProcessPassThrough.usf" 246
"C:/Program Files/Epic Games/4.9/Engine/Binaries/Win64/../../../Engine/Shaders/PostProcessLpvIndirect.usf" 247
"C:/Program Files/Epic Games/4.9/Engine/Binaries/Win64/../../../Engine/Shaders/DeferredLightingCommon.usf" 248
"C:/Program Files/Epic Games/4.9/Engine/Binaries/Win64/../../../Engine/Shaders/DynamicLightingCommon.usf" 249
"C:/Program Files/Epic Games/4.9/Engine/Binaries/Win64/../../../Engine/Shaders/ShadingModels.usf" 250
"C:/Program Files/Epic Games/4.9/Engine/Binaries/Win64/../../../Engine/Shaders/LPVFinalPass.usf" 251
"C:/Program Files/Epic Games/4.9/Engine/Binaries/Win64/../../../Engine/Shaders/LPVCommon.usf" 252
"C:/Program Files/Epic Games/4.9/Engine/Binaries/Win64/../../../Engine/Shaders/DeferredDecal.usf" 253
"C:/Program Files/Epic Games/4.9/Engine/Binaries/Win64/../../../Engine/Shaders/PostProcessAmbientOcclusion.usf" 254
"C:/Program Files/Epic Games/4.9/Engine/Binaries/Win64/../../../Engine/Shaders/PostProcessAmbient.usf" 255
"C:/Program Files/Epic Games/4.9/Engine/Binaries/Win64/../../../Engine/Shaders/CubemapCommon.usf" 256
"C:/Program Files/Epic Games/4.9/Engine/Binaries/Win64/../../../Engine/Shaders/VelocityShader.usf" 257
"C:/Program Files/Epic Games/4.9/Engine/Binaries/Win64/../../../Engine/Shaders/VelocityCommon.usf" 258
"C:/Program Files/Epic Games/4.9/Engine/Binaries/Win64/../../../Engine/Shaders/Tessellation.usf" 259
"C:/Program Files/Epic Games/4.9/Engine/Binaries/Win64/../../../Engine/Shaders/FlatTessellation.usf" 260
"C:/Program Files/Epic Games/4.9/Engine/Binaries/Win64/../../../Engine/Shaders/PNTriangles.usf" 261
"C:/Program Files/Epic Games/4.9/Engine/Binaries/Win64/../../../Engine/Shaders/TranslucentLightingShaders.usf" 262
"C:/Program Files/Epic Games/4.9/Engine/Binaries/Win64/../../../Engine/Shaders/SHCommon.usf" 263
"C:/Program Files/Epic Games/4.9/Engine/Binaries/Win64/../../../Engine/Shaders/ShadowProjectionCommon.usf" 264
"C:/Program Files/Epic Games/4.9/Engine/Binaries/Win64/../../../Engine/Shaders/TranslucentLightInjectionShaders.usf" 265
"C:/Program Files/Epic Games/4.9/Engine/Binaries/Win64/../../../Engine/Shaders/LightFunctionCommon.usf" 266
"C:/Program Files/Epic Games/4.9/Engine/Binaries/Win64/../../../Engine/Shaders/TranslucentShadowDepthShaders.usf" 267
"C:/Program Files/Epic Games/4.9/Engine/Binaries/Win64/../../../Engine/Shaders/ShadowDepthCommon.usf" 268
"C:/Program Files/Epic Games/4.9/Engine/Binaries/Win64/../../../Engine/Shaders/TiledDeferredLightShaders.usf" 269
"C:/Program Files/Epic Games/4.9/Engine/Binaries/Win64/../../../Engine/Shaders/SurfelTree.usf" 270
"C:/Program Files/Epic Games/4.9/Engine/Binaries/Win64/../../../Engine/Shaders/DistanceFieldLightingShared.usf" 271
"C:/Program Files/Epic Games/4.9/Engine/Binaries/Win64/../../../Engine/Shaders/SurfelMaterialShared.usf" 272
"C:/Program Files/Epic Games/4.9/Engine/Binaries/Win64/../../../Engine/Shaders/DistanceFieldAOShared.usf" 273
"C:/Program Files/Epic Games/4.9/Engine/Binaries/Win64/../../../Engine/Shaders/ShadowProjectionPixelShader.usf" 274
"C:/Program Files/Epic Games/4.9/Engine/Binaries/Win64/../../../Engine/Shaders/ShadowFilteringCommon.usf" 275
"C:/Program Files/Epic Games/4.9/Engine/Binaries/Win64/../../../Engine/Shaders/ShadowProjectionVertexShader.usf" 276
"C:/Program Files/Epic Games/4.9/Engine/Binaries/Win64/../../../Engine/Shaders/ShadowDepthPixelShader.usf" 277
"C:/Program Files/Epic Games/4.9/Engine/Binaries/Win64/../../../Engine/Shaders/LPVWriteVplCommon.usf" 278
"C:/Program Files/Epic Games/4.9/Engine/Binaries/Win64/../../../Engine/Shaders/LPVWriteCommon.usf" 279
"C:/Program Files/Epic Games/4.9/Engine/Binaries/Win64/../../../Engine/Shaders/ShadowDepthVertexShader.usf" 280
"C:/Program Files/Epic Games/4.9/Engine/Binaries/Win64/../../../Engine/Shaders/ShaderComplexityApplyPixelShader.usf" 281
"C:/Program Files/Epic Games/4.9/Engine/Binaries/Win64/../../../Engine/Shaders/ShaderComplexityApplyVertexShader.usf" 282
"C:/Program Files/Epic Games/4.9/Engine/Binaries/Win64/../../../Engine/Shaders/ShaderComplexityAccumulatePixelShader.usf" 283
"C:/Program Files/Epic Games/4.9/Engine/Binaries/Win64/../../../Engine/Shaders/HZBOcclusion.usf" 284
"C:/Program Files/Epic Games/4.9/Engine/Binaries/Win64/../../../Engine/Shaders/OcclusionQueryVertexShader.usf" 285
"C:/Program Files/Epic Games/4.9/Engine/Binaries/Win64/../../../Engine/Shaders/HitProxyPixelShader.usf" 286
"C:/Program Files/Epic Games/4.9/Engine/Binaries/Win64/../../../Engine/Shaders/HitProxyVertexShader.usf" 287
"C:/Program Files/Epic Games/4.9/Engine/Binaries/Win64/../../../Engine/Shaders/ReflectionEnvironmentShaders.usf" 288
"C:/Program Files/Epic Games/4.9/Engine/Binaries/Win64/../../../Engine/Shaders/ReflectionEnvironmentShared.usf" 289
"C:/Program Files/Epic Games/4.9/Engine/Binaries/Win64/../../../Engine/Shaders/SkyLightingShared.usf" 290
"C:/Program Files/Epic Games/4.9/Engine/Binaries/Win64/../../../Engine/Shaders/ReflectionEnvironmentComputeShaders.usf" 291
"C:/Program Files/Epic Games/4.9/Engine/Binaries/Win64/../../../Engine/Shaders/LightShaftShader.usf" 292
"C:/Program Files/Epic Games/4.9/Engine/Binaries/Win64/../../../Engine/Shaders/StationaryLightOverlapShaders.usf" 293
"C:/Program Files/Epic Games/4.9/Engine/Binaries/Win64/../../../Engine/Shaders/DeferredLightPixelShaders.usf" 294
"C:/Program Files/Epic Games/4.9/Engine/Binaries/Win64/../../../Engine/Shaders/DeferredLightVertexShaders.usf" 295
"C:/Program Files/Epic Games/4.9/Engine/Binaries/Win64/../../../Engine/Shaders/LPVVisualise.usf" 296
"C:/Program Files/Epic Games/4.9/Engine/Binaries/Win64/../../../Engine/Shaders/LPVGeometryVolumeCommon.usf" 297
"C:/Program Files/Epic Games/4.9/Engine/Binaries/Win64/../../../Engine/Shaders/LPVDirectLightInject.usf" 298
"C:/Program Files/Epic Games/4.9/Engine/Binaries/Win64/../../../Engine/Shaders/LPVPropagate.usf" 299
"C:/Program Files/Epic Games/4.9/Engine/Binaries/Win64/../../../Engine/Shaders/LPVPacking.usf" 300
"C:/Program Files/Epic Games/4.9/Engine/Binaries/Win64/../../../Engine/Shaders/LPVBuildGeometryVolume.usf" 301
"C:/Program Files/Epic Games/4.9/Engine/Binaries/Win64/../../../Engine/Shaders/LpvDirectionalOcclusion.usf" 302
"C:/Program Files/Epic Games/4.9/Engine/Binaries/Win64/../../../Engine/Shaders/LPVInject_AccumulateVplLists.usf" 303
"C:/Program Files/Epic Games/4.9/Engine/Binaries/Win64/../../../Engine/Shaders/LPVInject_GenerateVplLists.usf" 304
"C:/Program Files/Epic Games/4.9/Engine/Binaries/Win64/../../../Engine/Shaders/LPVClearLists.usf" 305
"C:/Program Files/Epic Games/4.9/Engine/Binaries/Win64/../../../Engine/Shaders/LPVClear.usf" 306
"C:/Program Files/Epic Games/4.9/Engine/Binaries/Win64/../../../Engine/Shaders/LightMapDensityShader.usf" 307
"C:/Program Files/Epic Games/4.9/Engine/Binaries/Win64/../../../Engine/Shaders/LightFunctionPixelShader.usf" 308
"C:/Program Files/Epic Games/4.9/Engine/Binaries/Win64/../../../Engine/Shaders/LightFunctionVertexShader.usf" 309
"C:/Program Files/Epic Games/4.9/Engine/Binaries/Win64/../../../Engine/Shaders/HeightfieldLighting.usf" 310
"C:/Program Files/Epic Games/4.9/Engine/Binaries/Win64/../../../Engine/Shaders/DistanceFieldShadowingShared.usf" 311
"C:/Program Files/Epic Games/4.9/Engine/Binaries/Win64/../../../Engine/Shaders/HdrCustomResolveShaders.usf" 312
"C:/Program Files/Epic Games/4.9/Engine/Binaries/Win64/../../../Engine/Shaders/GPUBenchmark.usf" 313
"C:/Program Files/Epic Games/4.9/Engine/Binaries/Win64/../../../Engine/Shaders/GlobalDistanceField.usf" 314
"C:/Program Files/Epic Games/4.9/Engine/Binaries/Win64/../../../Engine/Shaders/GammaCorrection.usf" 315
"C:/Program Files/Epic Games/4.9/Engine/Binaries/Win64/../../../Engine/Shaders/BasePassForForwardShadingPixelShader.usf" 316
"C:/Program Files/Epic Games/4.9/Engine/Binaries/Win64/../../../Engine/Shaders/BasePassForForwardShadingCommon.usf" 317
"C:/Program Files/Epic Games/4.9/Engine/Binaries/Win64/../../../Engine/Shaders/LightmapCommon.usf" 318
"C:/Program Files/Epic Games/4.9/Engine/Binaries/Win64/../../../Engine/Shaders/BasePassForForwardShadingVertexShader.usf" 319
"C:/Program Files/Epic Games/4.9/Engine/Binaries/Win64/../../../Engine/Shaders/HeightFogCommon.usf" 320
"C:/Program Files/Epic Games/4.9/Engine/Binaries/Win64/../../../Engine/Shaders/HeightFogPixelShader.usf" 321
"C:/Program Files/Epic Games/4.9/Engine/Binaries/Win64/../../../Engine/Shaders/HeightFogVertexShader.usf" 322
"C:/Program Files/Epic Games/4.9/Engine/Binaries/Win64/../../../Engine/Shaders/DistortAccumulatePS.usf" 323
"C:/Program Files/Epic Games/4.9/Engine/Binaries/Win64/../../../Engine/Shaders/DistortAccumulateVS.usf" 324
"C:/Program Files/Epic Games/4.9/Engine/Binaries/Win64/../../../Engine/Shaders/DistortApplyScreenPS.usf" 325
"C:/Program Files/Epic Games/4.9/Engine/Binaries/Win64/../../../Engine/Shaders/DistanceFieldSurfaceCacheLighting.usf" 326
"C:/Program Files/Epic Games/4.9/Engine/Binaries/Win64/../../../Engine/Shaders/SkyLighting.usf" 327
"C:/Program Files/Epic Games/4.9/Engine/Binaries/Win64/../../../Engine/Shaders/DistanceFieldSurfaceCacheLightingCompute.usf" 328
"C:/Program Files/Epic Games/4.9/Engine/Binaries/Win64/../../../Engine/Shaders/DistanceFieldShadowing.usf" 329
"C:/Program Files/Epic Games/4.9/Engine/Binaries/Win64/../../../Engine/Shaders/DistanceFieldScreenGridLighting.usf" 330
"C:/Program Files/Epic Games/4.9/Engine/Binaries/Win64/../../../Engine/Shaders/DistanceFieldLightingPost.usf" 331
"C:/Program Files/Epic Games/4.9/Engine/Binaries/Win64/../../../Engine/Shaders/DistanceFieldGlobalIllumination.usf" 332
"C:/Program Files/Epic Games/4.9/Engine/Binaries/Win64/../../../Engine/Shaders/DepthOnlyPixelShader.usf" 333
"C:/Program Files/Epic Games/4.9/Engine/Binaries/Win64/../../../Engine/Shaders/DepthOnlyVertexShader.usf" 334
"C:/Program Files/Epic Games/4.9/Engine/Binaries/Win64/../../../Engine/Shaders/PositionOnlyDepthVertexShader.usf" 335
"C:/Program Files/Epic Games/4.9/Engine/Binaries/Win64/../../../Engine/Shaders/DownsampleDepthPixelShader.usf" 336
"C:/Program Files/Epic Games/4.9/Engine/Binaries/Win64/../../../Engine/Shaders/EvaluateSurfelMaterial.usf" 337
"C:/Program Files/Epic Games/4.9/Engine/Binaries/Win64/../../../Engine/Shaders/ConvertToUniformMesh.usf" 338
"C:/Program Files/Epic Games/4.9/Engine/Binaries/Win64/../../../Engine/Shaders/BasePassPixelShader.usf" 339
"C:/Program Files/Epic Games/4.9/Engine/Binaries/Win64/../../../Engine/Shaders/BasePassCommon.usf" 340
"C:/Program Files/Epic Games/4.9/Engine/Binaries/Win64/../../../Engine/Shaders/ForEachLight.usf" 341
"C:/Program Files/Epic Games/4.9/Engine/Binaries/Win64/../../../Engine/Shaders/BasePassVertexShader.usf" 342
"C:/Program Files/Epic Games/4.9/Engine/Binaries/Win64/../../../Engine/Shaders/BasePassVertexCommon.usf" 343
"C:/Program Files/Epic Games/4.9/Engine/Binaries/Win64/../../../Engine/Shaders/BasePassTessellationShaders.usf" 344
"C:/Program Files/Epic Games/4.9/Engine/Binaries/Win64/../../../Engine/Shaders/AtmospherePrecompute.usf" 345
"C:/Program Files/Epic Games/4.9/Engine/Binaries/Win64/../../../Engine/Shaders/AtmospherePrecomputeCommon.usf" 346
"C:/Program Files/Epic Games/4.9/Engine/Binaries/Win64/../../../Engine/Shaders/AtmospherePrecomputeInscatter.usf" 347
"C:/Program Files/Epic Games/4.9/Engine/Binaries/Win64/../../../Engine/Shaders/AtmosphericFogShader.usf" 348
"C:/Program Files/Epic Games/4.9/Engine/Binaries/Win64/../../../Engine/Shaders/ResolveVertexShader.usf" 349
"C:/Program Files/Epic Games/4.9/Engine/Binaries/Win64/../../../Engine/Shaders/ResolvePixelShader.usf" 350
"C:/Program Files/Epic Games/4.9/Engine/Binaries/Win64/../../../Engine/Shaders/OneColorShader.usf" 351
"C:/Program Files/Epic Games/4.9/Engine/Binaries/Win64/../../../Engine/Shaders/MediaShaders.usf" 352
"C:/Program Files/Epic Games/4.9/Engine/Binaries/Win64/../../../Engine/Shaders/ClearReplacementShaders.usf" 353
"../../../Engine/Config/Android/AndroidEngine.ini" 354
"../../../Engine/Config/IOS/IOSEngine.ini" 355
"../../../Engine/Config/Linux/LinuxEngine.ini" 356
"C:/Users/thebird/AppData/Local/UnrealEngine/4.9/DerivedDataCache/Boot.ddc" 357
"../../../Engine/DerivedDataCache/Compressed.ddp" 358
"C:/Users/thebird/Documents/Unreal Projects/shard/Saved/Config/Windows/GameplayTags.ini" 359
"../../../../../../Users/thebird/Documents/Unreal Projects/shard/Intermediate/Config/CoalescedSourceConfigs/GameplayTags.ini" 360
"C:/Users/thebird/Documents/Unreal Projects/shard/Saved/Config/Windows/TemplateDefs.ini" 361
"../../../../../../Users/thebird/Documents/Unreal Projects/shard/Intermediate/Config/CoalescedSourceConfigs/TemplateDefs.ini" 362
"../../../Engine/Content/EditorResources/S_Actor.uasset" 363
"../../../Engine/Content/Maps/Templates/Thumbnails/Default.uasset" 364
"../../../Engine/Content/EditorMaterials/ParticleSystems/PSysThumbnail_NoImage.uasset" 365
"../../../Engine/Content/EditorMaterials/ParticleSystems/PSysThumbnail_OOD.uasset" 366
"../../../Engine/Content/EditorLandscapeResources/DataLayer.uasset" 367
"../../../Engine/Content/EngineFonts/Roboto.uasset" 368
"../../../Engine/Content/EngineMaterials/Widget3DPassThrough_Translucent.uasset" 369
"../../../Engine/Content/EngineMaterials/Widget3DPassThrough.uasset" 370
"../../../Engine/Content/Functions/Engine_MaterialFunctions02/Texturing/ScreenAlignedUVs.uasset" 371
"../../../Engine/Content/EngineResources/WhiteSquareTexture.uasset" 372
"../../../Engine/Content/Functions/Engine_MaterialFunctions01/Shading/PowerToRoughness.uasset" 373
"../../../Engine/Content/Functions/Engine_MaterialFunctions01/Shading/ConvertFromDiffSpec.uasset" 374
"../../../Engine/Content/EngineMaterials/WorldGridMaterial.uasset" 375
"../../../Engine/Content/Functions/Engine_MaterialFunctions01/Opacity/CameraDepthFade.uasset" 376
"../../../Engine/Content/EngineMaterials/T_Default_Material_Grid_M.uasset" 377
"../../../Engine/Content/EngineMaterials/T_Default_Material_Grid_N.uasset" 378
"../../../Engine/Content/EngineMaterials/DefaultDeferredDecalMaterial.uasset" 379
"../../../Engine/Content/EngineMaterials/DefaultDiffuse.uasset" 380
"../../../Engine/Content/EngineMaterials/DefaultLightFunctionMaterial.uasset" 381
"../../../Engine/Content/EngineMaterials/DefaultPostProcessMaterial.uasset" 382
"../../../Engine/Content/Functions/Engine_MaterialFunctions02/Utility/BreakOutFloat2Components.uasset" 383
"../../../Engine/Content/EngineResources/DefaultTexture.uasset" 384
"C:/Users/thebird/Documents/Unreal Projects/shard/Intermediate/Shaders/tmp/1A043B474A43ADE3BF9D4AB1D243B486/1/WorkerOutputOnly.out" 385
"C:/Users/thebird/Documents/Unreal Projects/shard/Intermediate/Shaders/tmp/1A043B474A43ADE3BF9D4AB1D243B486/2/WorkerOutputOnly.out" 386
"C:/Users/thebird/Documents/Unreal Projects/shard/Intermediate/Shaders/tmp/1A043B474A43ADE3BF9D4AB1D243B486/0/WorkerOutputOnly.out" 387
"../../../Engine/Content/EngineMaterials/Widget3DPassThrough_Translucent_OneSided.uasset" 388
"../../../Engine/Content/EngineMaterials/Widget3DPassThrough_Opaque.uasset" 389
"../../../Engine/Content/EngineMaterials/Widget3DPassThrough_Opaque_OneSided.uasset" 390
"../../../Engine/Content/EngineMaterials/Widget3DPassThrough_Masked.uasset" 391
"../../../Engine/Content/EngineMaterials/Widget3DPassThrough_Masked_OneSided.uasset" 392
"../../../Engine/Content/EngineDamageTypes/DmgTypeBP_Environmental.uasset" 393
"..\..\..\Engine\Content\Internationalization\icudt53l\numberingSystems.res" 394
"..\..\..\Engine\Content\Internationalization\icudt53l\curr\supplementalData.res" 395
"..\..\..\Engine\Content\Internationalization\icudt53l\curr\pool.res" 396
"..\..\..\Engine\Content\Internationalization\icudt53l\curr\en.res" 397
"..\..\..\Engine\Content\Internationalization\icudt53l\curr\root.res" 398
"../../../Engine/Content/EngineMeshes/Sphere.uasset" 399
"../../../Engine/Content/EngineFonts/RobotoDistanceField.uasset" 400
"../../../Engine/Content/EngineMaterials/DefaultTextMaterialOpaque.uasset" 401
"../../../Engine/Content/EditorResources/S_Trigger.uasset" 402
"../../../Engine/Content/EngineResources/GradientTexture0.uasset" 403
"../../../Engine/Content/EngineResources/Black.uasset" 404
"../../../Engine/Content/EditorMaterials/MatineeGroups/MAT_Groups_Float.uasset" 405
"../../../Engine/Content/EditorMaterials/MatineeGroups/MAT_Groups_Director.uasset" 406
"../../../Engine/Content/EditorMaterials/MatineeGroups/MAT_Groups_Event.uasset" 407
"../../../Engine/Content/EditorMaterials/MatineeGroups/MAT_Groups_Anim.uasset" 408
"../../../Engine/Content/EditorMaterials/MatineeGroups/MAT_Groups_Fade.uasset" 409
"../../../Engine/Content/EditorMaterials/MatineeGroups/MAT_Groups_Move.uasset" 410
"../../../Engine/Content/EditorMaterials/MatineeGroups/MAT_Groups_Slomo.uasset" 411
"../../../Engine/Content/EditorMaterials/MatineeGroups/MAT_ColorTrack.uasset" 412
"../../../Engine/Content/EditorMaterials/MAT_Groups_Toggle.uasset" 413
"../../../Engine/Content/EditorMaterials/MatineeGroups/MAT_Groups_AudioMaster.uasset" 414
"../../../Engine/Content/EditorMaterials/MatineeGroups/MAT_Groups_Sound.uasset" 415
"../../../Engine/Content/EditorMaterials/MatineeGroups/MAT_Groups_Vector.uasset" 416
"../../../Engine/Content/EditorMaterials/MAT_Groups_Visibility.uasset" 417
"../../../Engine/Content/EngineResources/DefaultTextureCube.uasset" 418
"../../../Engine/Content/EngineSounds/Master.uasset" 419
"../../../Engine/Content/EngineSounds/Music.uasset" 420
"../../../Engine/Content/EngineSounds/SFX.uasset" 421
"../../../Engine/Content/EngineSounds/Normal_Attack.uasset" 422
"../../../Engine/Content/EngineSounds/Special_Attack_PSM.uasset" 423
"../../../Engine/Content/EngineSounds/Duck_Normal_Attack_MixMod.uasset" 424
"../../../Engine/Content/EngineSounds/Voice.uasset" 425
"../../../Engine/Content/EngineMeshes/Cylinder.uasset" 426
"../../../Engine/Content/EngineMaterials/DefaultMaterial.uasset" 427
"../../../Engine/Content/EngineTireTypes/DefaultTireType.uasset" 428
"../../../Engine/Content/Editor/Slate/Fonts/FontAwesome.ttf" 429
"../../../Engine/Content/Editor/Slate/Fonts/DroidSansMono.ttf" 430
"../../../Engine/Content/Editor/Slate/Fonts/Roboto-BoldCondensed.ttf" 431
"../../../Engine/Content/Editor/Slate/Fonts/Roboto-Black.ttf" 432
"../../../Engine/Content/Editor/Slate/Fonts/Roboto-Italic.ttf" 433
"../../../Engine/Content/Editor/Slate/Fonts/Roboto-BoldCondensedItalic.ttf" 434
"..\..\..\Engine\Content\Internationalization\icudt53l\coll\ucadata.icu" 435
"..\..\..\Engine\Content\Internationalization\icudt53l\nfc.nrm" 436
"..\..\..\Engine\Content\Internationalization\icudt53l\coll\en_US.res" 437
"..\..\..\Engine\Content\Internationalization\icudt53l\coll\en.res" 438
"..\..\..\Engine\Content\Internationalization\icudt53l\coll\root.res" 439
"../../../Engine/Content/EngineResources/AICON-Red.uasset" 440
"../../../Engine/Content/EngineResources/AICON-Green.uasset" 441
"../../../Engine/Content/Tutorial/Basics/LevelEditorAttract.uasset" 442
"../../../Engine/Content/Tutorial/Basics/LevelEditorOverview.uasset" 443
"../../../Engine/Content/Tutorial/Basics/TutorialAssets/icon_tab_Levels_40x.uasset" 444
"../../../Engine/Content/Tutorial/ContentIntroCurve.uasset" 445
"../../../Engine/Plugins/2D/Paper2D/Content/MaskedUnlitSpriteMaterial.uasset" 446
"../../../Engine/Plugins/2D/Paper2D/Content/DefaultSpriteMaterial.uasset" 447
"../../../Engine/Plugins/2D/Paper2D/Content/DummySpriteTexture.uasset" 448
"../../../Engine/Plugins/2D/Paper2D/Content/PlaceholderTextures/DummySpriteTexture.uasset" 449
"../../../Engine/Plugins/2D/Paper2D/Content/OpaqueUnlitSpriteMaterial.uasset" 450
"../../../Engine/Plugins/2D/Paper2D/Content/DefaultPaperTerrainMaterial.uasset" 451
"../../../Engine/Plugins/2D/Paper2D/Content/DummySprite.uasset" 452
"../../../../../../Users/thebird/Documents/Unreal Projects/shard/Content/dude.uasset" 453
"../../../../../../Users/thebird/Documents/Unreal Projects/shard/Content/lambert1.uasset" 454
"../../../../../../Users/thebird/Documents/Unreal Projects/shard/Content/protag-UVs.uasset" 455
"../../../../../../Users/thebird/Documents/Unreal Projects/shard/Content/lambert2.uasset" 456
"../../../../../../Users/thebird/Documents/Unreal Projects/shard/Content/lambert3.uasset" 457
"../../../../../../Users/thebird/Documents/Unreal Projects/shard/Content/Dude_PhysicsAsset.uasset" 458
"../../../../../../Users/thebird/Documents/Unreal Projects/shard/Content/Dude_Skeleton.uasset" 459
"../../../../../../Users/thebird/Documents/Unreal Projects/shard/Content/Models/Gems/Gem3.uasset" 460
"../../../../../../Users/thebird/Documents/Unreal Projects/shard/Content/Models/Gems/mGem1.uasset" 461
"../../../../../../Users/thebird/Documents/Unreal Projects/shard/Content/Models/Gems/Gem1Texture.uasset" 462
"C:/Users/thebird/AppData/Local/UnrealEngine/Common/DerivedDataCache/5/9/8/STATICMESH_46A8778361B442A9523C54440EA1E9D_8C68575CEF434CA8A9E1DA4AED8A47BB_3B__76F28A93AA85812F74A273B4274A409A65C01E1D.udd" 463
"C:/Users/thebird/AppData/Local/UnrealEngine/Common/DerivedDataCache/0/8/5/PHYSX_1D9C17C451EA4FB88CB7A27536A65DB0_PHYSXPC_ACF44088439B058266A925B8F20061A__09610769C587A7DFFCB9A1E317BBFF9E4CCCC942.udd" 464
"C:/Users/thebird/AppData/Local/UnrealEngine/Common/DerivedDataCache/9/2/2/NAVCOLLISION_B89838347A4348138EE337A847529C5C_NAVCOLLISION_X_ACF44088439B05826__7C0D6AD3BA3A3568101A74BA2D9BBA181A3FF741.udd" 465
"../../../../../../Users/thebird/Documents/Unreal Projects/shard/Content/Models/Gems/mGem2.uasset" 466
"../../../../../../Users/thebird/Documents/Unreal Projects/shard/Content/Models/Gems/Gem2Texture.uasset" 467
"../../../../../../Users/thebird/Documents/Unreal Projects/shard/Content/Models/Gems/mGem3.uasset" 468
"../../../../../../Users/thebird/Documents/Unreal Projects/shard/Content/Models/Gems/Gem3Texture.uasset" 469
"../../../../../../Users/thebird/Documents/Unreal Projects/shard/Content/Models/Gems/mGem4.uasset" 470
"../../../../../../Users/thebird/Documents/Unreal Projects/shard/Content/Models/Gems/Gem4Texture.uasset" 471
"../../../../../../Users/thebird/Documents/Unreal Projects/shard/Content/Models/Gems/mGem5.uasset" 472
"../../../../../../Users/thebird/Documents/Unreal Projects/shard/Content/Models/Gems/Gem5Texture.uasset" 473
"../../../../../../Users/thebird/Documents/Unreal Projects/shard/Content/Models/Gems/mGem6.uasset" 474
"../../../../../../Users/thebird/Documents/Unreal Projects/shard/Content/Models/Gems/Gem6Texture.uasset" 475
"../../../../../../Users/thebird/Documents/Unreal Projects/shard/Content/Models/Dais.uasset" 476
"../../../../../../Users/thebird/Documents/Unreal Projects/shard/Content/Models/mDais.uasset" 477
"../../../../../../Users/thebird/Documents/Unreal Projects/shard/Content/Models/DaisTexture.uasset" 478
"../../../../../../Users/thebird/Documents/Unreal Projects/shard/Content/Models/DaisUV.uasset" 479
"../../../../../../Users/thebird/Documents/Unreal Projects/shard/Content/Models/TeleClaw.uasset" 480
"../../../../../../Users/thebird/Documents/Unreal Projects/shard/Content/Models/Material__49.uasset" 481
"../../../../../../Users/thebird/Documents/Unreal Projects/shard/Content/Models/ClawTextureFinal.uasset" 482
"C:/Users/thebird/AppData/Local/UnrealEngine/4.9/Saved/Config/Windows/SourceControlSettings.ini" 483
"../../../../../../Users/thebird/Documents/Unreal Projects/shard/Intermediate/Config/CoalescedSourceConfigs/SourceControlSettings.ini" 484
"C:/Users/thebird/Documents/Unreal Projects/shard/Saved/Config/Windows/SourceControlSettings.ini" 485
"../../../Engine/Plugins/Runtime/LeapMotionController/Content/LM_CapsuleMesh.uasset" 486
"../../../Engine/Plugins/Runtime/LeapMotionController/Content/LM_TorusMesh.uasset" 487
"../../../Engine/Plugins/Runtime/LeapMotionController/Content/LM_HandColor.uasset" 488
"../../../Engine/Plugins/Runtime/LeapMotionController/Content/LM_PassthroughMaterial.uasset" 489
"../../../Engine/Plugins/Runtime/LeapMotionController/Content/LM_SampleDistortion.uasset" 490
"../../../Engine/Plugins/Runtime/LeapMotionController/Content/LM_TestTexture.uasset" 491
"../../../Engine/Content/BasicShapes/Cube.uasset" 492
"../../../Engine/Content/EngineMaterials/RemoveSurfaceMaterial.uasset" 493
"../../../Engine/Content/EngineDebugMaterials/DebugMeshMaterial.uasset" 494
"../../../Engine/Content/EngineMaterials/M_InvalidLightmapSettings.uasset" 495
"../../../Engine/Content/EngineMaterials/InvalidLightmapSettings.uasset" 496
"../../../Engine/Content/EditorMaterials/GizmoMaterial.uasset" 497
"../../../Engine/Content/EngineMaterials/Good64x64TilingNoiseHighFreq.uasset" 498
"../../../Engine/Content/EngineMaterials/DefaultBokeh.uasset" 499
"../../../Engine/Content/EngineMaterials/PreintegratedSkinBRDF.uasset" 500
"../../../Engine/Content/EngineMaterials/MiniFont.uasset" 501
"../../../Engine/Content/EngineMaterials/WeightMapPlaceholderTexture.uasset" 502
"../../../Engine/Content/EngineMaterials/DefaultWhiteGrid.uasset" 503
"../../../Engine/Content/EngineMaterials/DefaultPhysicalMaterial.uasset" 504
"../../../Engine/Content/EngineFonts/RobotoTiny.uasset" 505
"../../../../../../Users/thebird/Documents/Unreal Projects/shard/Intermediate/CachedAssetRegistry.bin" 506
"../../../../../../Users/thebird/Documents/Unreal Projects/shard/Content/Anim_Run.uasset" 507
"../../../../../../Users/thebird/Documents/Unreal Projects/shard/Content/Demo.umap" 508
"../../../../../../Users/thebird/Documents/Unreal Projects/shard/Content/Dude_TheDude_Aim.uasset" 509
"../../../../../../Users/thebird/Documents/Unreal Projects/shard/Content/Dude_TheDude_idlething.uasset" 510
"../../../../../../Users/thebird/Documents/Unreal Projects/shard/Content/Dude_TheDude_run2.uasset" 511
"../../../../../../Users/thebird/Documents/Unreal Projects/shard/Content/Dude_TheDude_run3.uasset" 512
"../../../../../../Users/thebird/Documents/Unreal Projects/shard/Content/Dude_TheDude_runthing.uasset" 513
"../../../../../../Users/thebird/Documents/Unreal Projects/shard/Content/IdleRun.uasset" 514
"../../../../../../Users/thebird/Documents/Unreal Projects/shard/Content/Models/BaseTest.uasset" 515
"../../../../../../Users/thebird/Documents/Unreal Projects/shard/Saved/Autosaves/Game/333_Auto1.uasset" 516
"../../../../../../Users/thebird/Documents/Unreal Projects/shard/Saved/Autosaves/Game/Anim_duderun_Auto1.uasset" 517
"../../../../../../Users/thebird/Documents/Unreal Projects/shard/Saved/Autosaves/Game/bob_Auto2.uasset" 518
"../../../../../../Users/thebird/Documents/Unreal Projects/shard/Saved/Autosaves/Game/Demo_Auto1.umap" 519
"../../../../../../Users/thebird/Documents/Unreal Projects/shard/Saved/Autosaves/Game/Demo_Auto2.umap" 520
"../../../../../../Users/thebird/Documents/Unreal Projects/shard/Saved/Autosaves/Game/Demo_Auto3.umap" 521
"../../../../../../Users/thebird/Documents/Unreal Projects/shard/Saved/Autosaves/Game/Demo_Auto4.umap" 522
"../../../../../../Users/thebird/Documents/Unreal Projects/shard/Saved/Autosaves/Game/Demo_Auto7.umap" 523
"../../../../../../Users/thebird/Documents/Unreal Projects/shard/Saved/Autosaves/Game/dude_Auto1.uasset" 524
"../../../../../../Users/thebird/Documents/Unreal Projects/shard/Saved/Autosaves/Game/dude_Auto2.uasset" 525
"../../../../../../Users/thebird/Documents/Unreal Projects/shard/Saved/Autosaves/Game/dude_PhysicsAsset_Auto1.uasset" 526
"../../../../../../Users/thebird/Documents/Unreal Projects/shard/Saved/Autosaves/Game/Dude_Skeleton_Auto1.uasset" 527
"../../../../../../Users/thebird/Documents/Unreal Projects/shard/Saved/Autosaves/Game/Dude_Skeleton_Auto2.uasset" 528
"../../../../../../Users/thebird/Documents/Unreal Projects/shard/Saved/Autosaves/Game/Dude_TheDude_Aim_Auto1.uasset" 529
"../../../../../../Users/thebird/Documents/Unreal Projects/shard/Saved/Autosaves/Game/Dude_TheDude_idle2_Auto1.uasset" 530
"../../../../../../Users/thebird/Documents/Unreal Projects/shard/Saved/Autosaves/Game/Dude_TheDude_idle2_Auto2.uasset" 531
"../../../../../../Users/thebird/Documents/Unreal Projects/shard/Saved/Autosaves/Game/Dude_TheDude_idlething_Auto1.uasset" 532
"../../../../../../Users/thebird/Documents/Unreal Projects/shard/Saved/Autosaves/Game/Dude_TheDude_idlething_Auto2.uasset" 533
"../../../../../../Users/thebird/Documents/Unreal Projects/shard/Saved/Autosaves/Game/Dude_TheDude_run2_Auto1.uasset" 534
"../../../../../../Users/thebird/Documents/Unreal Projects/shard/Saved/Autosaves/Game/Dude_TheDude_run2_Auto2.uasset" 535
"../../../../../../Users/thebird/Documents/Unreal Projects/shard/Saved/Autosaves/Game/Dude_TheDude_run3_Auto1.uasset" 536
"../../../../../../Users/thebird/Documents/Unreal Projects/shard/Saved/Autosaves/Game/Dude_TheDude_run3_Auto2.uasset" 537
"../../../../../../Users/thebird/Documents/Unreal Projects/shard/Saved/Autosaves/Game/Dude_TheDude_runthing_Auto1.uasset" 538
"../../../../../../Users/thebird/Documents/Unreal Projects/shard/Saved/Autosaves/Game/Dude_TheDude_runthing_Auto2.uasset" 539
"../../../../../../Users/thebird/Documents/Unreal Projects/shard/Saved/Autosaves/Game/Export-mainmodel_Auto1.uasset" 540
"../../../../../../Users/thebird/Documents/Unreal Projects/shard/Saved/Autosaves/Game/Export-mainmodel_PhysicsAsset_Auto1.uasset" 541
"../../../../../../Users/thebird/Documents/Unreal Projects/shard/Saved/Autosaves/Game/Export-mainmodel_Skeleton_Auto1.uasset" 542
"../../../../../../Users/thebird/Documents/Unreal Projects/shard/Saved/Autosaves/Game/IdleRun_Auto1.uasset" 543
"../../../../../../Users/thebird/Documents/Unreal Projects/shard/Saved/Autosaves/Game/lambert1_Auto1.uasset" 544
"../../../../../../Users/thebird/Documents/Unreal Projects/shard/Saved/Autosaves/Game/protag-UVs_Auto1.uasset" 545
"../../../../../../Users/thebird/Documents/Unreal Projects/shard/Saved/Autosaves/Game/simplechar_v1_Auto1.uasset" 546
"../../../../../../Users/thebird/Documents/Unreal Projects/shard/Saved/Autosaves/Game/simplechar_v1_PhysicsAsset_Auto1.uasset" 547
"../../../../../../Users/thebird/Documents/Unreal Projects/shard/Saved/Autosaves/Game/simplechar_v1_Skeleton_Auto1.uasset" 548
"../../../../../../Users/thebird/Documents/Unreal Projects/shard/Saved/Autosaves/Game/Models/Claw_Auto5.uasset" 549
"../../../../../../Users/thebird/Documents/Unreal Projects/shard/Saved/Autosaves/Game/Models/Claw_Auto6.uasset" 550
"../../../../../../Users/thebird/Documents/Unreal Projects/shard/Saved/Autosaves/Game/Models/Default_Hardwood_Auto3.uasset" 551
"../../../../../../Users/thebird/Documents/Unreal Projects/shard/Saved/Autosaves/Game/Models/Fabric_Plaid_4_Auto3.uasset" 552
"../../../../../../Users/thebird/Documents/Unreal Projects/shard/Saved/Autosaves/Game/Models/lambert2_Auto2.uasset" 553
"../../../../../../Users/thebird/Documents/Unreal Projects/shard/Saved/Autosaves/Game/Models/lambert3_Auto2.uasset" 554
"../../../../../../Users/thebird/Documents/Unreal Projects/shard/Saved/Autosaves/Game/Models/mDais_Auto1.uasset" 555
"../../../../../../Users/thebird/Documents/Unreal Projects/shard/Saved/Autosaves/Game/StarterContent/Maps/Minimal_Default_Auto1.umap" 556
"../../../../../../Users/thebird/Documents/Unreal Projects/shard/Saved/Autosaves/Game/StarterContent/Maps/Minimal_Default_Auto2.umap" 557
"../../../../../../Users/thebird/Documents/Unreal Projects/shard/Saved/Autosaves/Game/StarterContent/Maps/Minimal_Default_Auto3.umap" 558
"../../../Engine/Config/HTML5/HTML5Engine.ini" 559
"../../../Engine/Content/MobileResources/HUD/VirtualJoystick_Thumb.uasset" 560
"../../../Engine/Content/EditorResources/BSPVertex.uasset" 561
"../../../Engine/Content/EngineDebugMaterials/WireframeMaterial.uasset" 562
"../../../Engine/Content/EngineDebugMaterials/GeomMaterial.uasset" 563
"../../../Engine/Content/EngineDebugMaterials/LevelColorationLitMaterial.uasset" 564
"../../../Engine/Content/EngineDebugMaterials/LevelColorationUnlitMaterial.uasset" 565
"../../../Engine/Content/EngineDebugMaterials/MAT_LevelColorationLitLightmapUV.uasset" 566
"../../../Engine/Content/EngineDebugMaterials/ShadedLevelColorationLitMaterial.uasset" 567
"../../../Engine/Content/EngineDebugMaterials/ShadedLevelColorationUnlitMateri.uasset" 568
"../../../Engine/Content/EngineDebugMaterials/VertexColorMaterial.uasset" 569
"../../../Engine/Content/EngineDebugMaterials/VertexColorViewMode_ColorOnly.uasset" 570
"../../../Engine/Content/EngineDebugMaterials/VertexColorViewMode_AlphaAsColor.uasset" 571
"../../../Engine/Content/EngineDebugMaterials/VertexColorViewMode_RedOnly.uasset" 572
"../../../Engine/Content/EngineDebugMaterials/VertexColorViewMode_GreenOnly.uasset" 573
"../../../Engine/Content/EngineDebugMaterials/VertexColorViewMode_BlueOnly.uasset" 574
"../../../Engine/Content/EngineDebugMaterials/BoneWeightMaterial.uasset" 575
"../../../Engine/Content/EngineDebugMaterials/HeatmapGradient.uasset" 576
"../../../Engine/Content/EditorMaterials/PhAT_JointLimitMaterial.uasset" 577
"../../../Engine/Content/EditorMaterials/PreviewShadowIndicatorMaterial.uasset" 578
"../../../Engine/Content/EditorMaterials/PreviewShadowIndicator.uasset" 579
"../../../Engine/Content/EngineMaterials/EditorBrushMaterial.uasset" 580
"../../../Engine/Content/EditorMeshes/ColorCalibrator/SM_ColorCalibrator.uasset" 581
"../../../Engine/Content/EditorMeshes/ColorCalibrator/M_ChromeBall.uasset" 582
"../../../Engine/Content/EditorMeshes/ColorCalibrator/M_ClearCoat.uasset" 583
"../../../Engine/Content/EditorMeshes/ColorCalibrator/M_ClearCoatBlack.uasset" 584
"../../../Engine/Content/EditorMeshes/ColorCalibrator/M_ColorGrid.uasset" 585
"../../../Engine/Content/EditorMeshes/ColorCalibrator/T_ColorGrid.uasset" 586
"../../../Engine/Content/EditorMeshes/ColorCalibrator/M_GreyBall.uasset" 587
"../../../Engine/Content/MobileResources/HUD/DefaultVirtualJoysticks.uasset" 588
"../../../Engine/Content/MobileResources/HUD/VirtualJoystick_Background.uasset" 589
"../../../Engine/Content/Tutorial/BlueprintTutorials/TutorialAssets/Blueprint_64x.uasset" 590
"../../../Engine/Content/Tutorial/SubEditors/TutorialAssets/icon_Editor_Preferences_General_40x.uasset" 591
"../../../Engine/Content/Tutorial/Paper2D/TutorialAssets/Paper2DSprite_TutorialIcon.uasset" 592
"../../../Engine/Content/Tutorial/SubEditors/TutorialAssets/icon_ShowSkeletalMeshes_40x.uasset" 593
"../../../Engine/Content/Tutorial/Landscape/TutorialAssets/Landscape.uasset" 594
"../../../Engine/Content/Tutorial/Foliage/TutorialAssets/Foliage.uasset" 595
"../../../Engine/Content/Tutorial/SubEditors/StaticMeshEditorTutorial.uasset" 596
"../../../Engine/Content/EngineMeshes/Cube.uasset" 597
"../../../Engine/Content/Tutorial/BlueprintTutorials/BlueprintEditorTutorial.uasset" 598
"../../../Engine/Content/Tutorial/BlueprintTutorials/BlueprintMacroLibrariesEditorOverview.uasset" 599
"../../../Engine/Content/Tutorial/BlueprintTutorials/TutorialAssets/BlueprintMacroLibrary_64x.uasset" 600
"../../../Engine/Content/Tutorial/BlueprintTutorials/TutorialAssets/Tutorial_BP_MacroLib.uasset" 601
"../../../Engine/Content/Tutorial/BlueprintTutorials/BlueprintInterfacesEditorOverview.uasset" 602
"../../../Engine/Content/Tutorial/BlueprintTutorials/TutorialAssets/BlueprintInterface_64x.uasset" 603
"../../../Engine/Content/Tutorial/BlueprintTutorials/TutorialAssets/Tutorial_BP_Interface.uasset" 604
"../../../Engine/Content/Tutorial/BlueprintTutorials/LevelBlueprintEditorOverview.uasset" 605
"../../../Engine/Content/Tutorial/SubEditors/DestructibleMeshEditorTutorial.uasset" 606
"../../../Engine/Content/Tutorial/SubEditors/TutorialAssets/Tutorial_DM.uasset" 607
"../../../Engine/Content/EditorMeshes/EditorCube.uasset" 608
"../../../Engine/Content/Tutorial/SubEditors/MaterialEditorTutorial.uasset" 609
"../../../Engine/Content/Tutorial/SubEditors/TutorialAssets/TutorialMaterial.uasset" 610
"../../../Engine/Content/Tutorial/SubEditors/ParticleSystemEditorTutorial.uasset" 611
"../../../Engine/Content/Tutorial/SubEditors/TutorialAssets/TutorialParticleSystem.uasset" 612
"../../../Engine/Content/Tutorial/SubEditors/TutorialAssets/M_smoke_subUV_blackbody.uasset" 613
"../../../Engine/Content/Tutorial/SubEditors/TutorialAssets/T_SmokeSubUV_8X8.uasset" 614
"../../../Engine/Content/Tutorial/SubEditors/TutorialAssets/T_soft_smoke.uasset" 615
"../../../Engine/Content/Tutorial/SubEditors/PersonaAnimEditorTutorial.uasset" 616
"../../../Engine/Content/Tutorial/SubEditors/PersonaAnimEditorWalkthrough.uasset" 617
"../../../Engine/Content/Tutorial/SubEditors/TutorialAssets/Character/NewBlendSpace1D.uasset" 618
"../../../Engine/Content/Tutorial/SubEditors/TutorialAssets/Character/Tutorial_Idle.uasset" 619
"../../../Engine/Content/Tutorial/SubEditors/TutorialAssets/Character/TutorialTPP_Skeleton.uasset" 620
"../../../Engine/Content/Tutorial/SubEditors/TutorialAssets/Character/Tutorial_Walk_Fwd.uasset" 621
"../../../Engine/Content/Tutorial/SubEditors/TutorialAssets/Character/TutorialTPP.uasset" 622
"../../../Engine/Content/Tutorial/SubEditors/TutorialAssets/Character/TutorialTPP_Mat.uasset" 623
"../../../Engine/Content/Tutorial/SubEditors/TutorialAssets/Character/TutorialTPP_PhysicsAsset.uasset" 624
"../../../Engine/Content/Tutorial/SubEditors/PersonaAnimBlueprintEditorWalkthrough.uasset" 625
"../../../Engine/Content/Tutorial/SubEditors/TutorialAssets/Character/TutorialTPP_AnimBlueprint.uasset" 626
"../../../Engine/Content/EditorBlueprintResources/StandardMacros.uasset" 627
"../../../Engine/Content/Tutorial/SubEditors/TutorialAssets/Character/TutorialCharacter.uasset" 628
"../../../Engine/Content/Tutorial/Paper2D/SpriteEditorTutorial.uasset" 629
"../../../Engine/Content/Tutorial/Paper2D/FlipbookEditorTutorial.uasset" 630
"../../../Engine/Content/Tutorial/Paper2D/TutorialAssets/Paper2DFlipbook_TutorialIcon.uasset" 631
"../../../Engine/Content/Tutorial/Landscape/Landscape_Manage_Mode.uasset" 632
"../../../Engine/Content/Tutorial/Landscape/Landscape_Sculpt_Mode.uasset" 633
"../../../Engine/Content/Tutorial/Landscape/Landscape_Painting_Mode.uasset" 634
"../../../Engine/Content/Tutorial/Foliage/Foliage_Intro_Tutorial.uasset" 635
"../../../Engine/Content/Tutorial/Foliage/Foliage_Using_The_Tool_Tutorial.uasset" 636
"../../../Engine/Content/Tutorial/Foliage/Foliage_Settings_Tutorial.uasset" 637
"C:/Users/thebird/AppData/Local/UnrealEngine/Common/DerivedDataCache/4/6/1/TEXTURE_814DCC3DC72143F49509781513CB9855_AUTODXT_553ECE6C4B2F1F7925C113ABFB89E__669389043D1FF19F9DDB45623519E3023D183569.udd" 638
"C:/Users/thebird/AppData/Local/UnrealEngine/Common/DerivedDataCache/1/6/5/TEXTURE_814DCC3DC72143F49509781513CB9855_AUTODXT_553ECE6C4B2F1F7925C113ABFB89E__DD99DCEC9B973DF7DD717D867170CD0B4E7FCB1E.udd" 639
"C:/Users/thebird/AppData/Local/UnrealEngine/Common/DerivedDataCache/4/8/7/TEXTURE_814DCC3DC72143F49509781513CB9855_AUTODXT_553ECE6C4B2F1F7925C113ABFB89E__F60E2E42683013F5B9101CB6C7DE4168DD3A00F4.udd" 640
"C:/Users/thebird/AppData/Local/UnrealEngine/Common/DerivedDataCache/4/2/9/TEXTURE_814DCC3DC72143F49509781513CB9855_AUTODXT_553ECE6C4B2F1F7925C113ABFB89E__8C61F785EA6B0F5C8225F06BC8B06F6299F3D172.udd" 641
"C:/Users/thebird/AppData/Local/UnrealEngine/Common/DerivedDataCache/3/3/7/TEXTURE_814DCC3DC72143F49509781513CB9855_AUTODXT_553ECE6C4B2F1F7925C113ABFB89E__33C9C2E99A21879003F07F5C9953754EBED17683.udd" 642
"C:/Users/thebird/AppData/Local/UnrealEngine/Common/DerivedDataCache/2/8/0/TEXTURE_814DCC3DC72143F49509781513CB9855_AUTODXT_0CBD83ED4876B9B2483722AAC1C23__547892E96A18A6E0792754CF2E59C68B0566872D.udd" 643
"C:/Users/thebird/AppData/Local/UnrealEngine/Common/DerivedDataCache/8/5/6/TEXTURE_814DCC3DC72143F49509781513CB9855_AUTODXT_0CBD83ED4876B9B2483722AAC1C23__97B8F10DDD2B4D4FABF6D3D150D7E2015444694A.udd" 644
"C:/Users/thebird/AppData/Local/UnrealEngine/Common/DerivedDataCache/3/9/6/TEXTURE_814DCC3DC72143F49509781513CB9855_AUTODXT_0CBD83ED4876B9B2483722AAC1C23__E065569A740C587DCECE524ABFEF5955D17A042C.udd" 645
"C:/Users/thebird/AppData/Local/UnrealEngine/Common/DerivedDataCache/6/5/8/TEXTURE_814DCC3DC72143F49509781513CB9855_AUTODXT_0CBD83ED4876B9B2483722AAC1C23__DDE08684998DD61D6C4827020F0A0CAF2EE46C66.udd" 646
"C:/Users/thebird/AppData/Local/UnrealEngine/Common/DerivedDataCache/6/5/4/TEXTURE_814DCC3DC72143F49509781513CB9855_AUTODXT_CC959A9A4068698ED46B248773E1C__9CBED34CEEC4C8F61E58D9C7F2390AF8600F216E.udd" 647
"C:/Users/thebird/AppData/Local/UnrealEngine/Common/DerivedDataCache/6/4/4/TEXTURE_814DCC3DC72143F49509781513CB9855_AUTODXT_CC959A9A4068698ED46B248773E1C__325D65AEA1D50895A3F9A71F1635330976BFA18A.udd" 648
"C:/Users/thebird/AppData/Local/UnrealEngine/Common/DerivedDataCache/4/5/9/TEXTURE_814DCC3DC72143F49509781513CB9855_AUTODXT_CC959A9A4068698ED46B248773E1C__FC31809FF131EAFEE949C7F8852B80EB53343AA7.udd" 649
"C:/Users/thebird/AppData/Local/UnrealEngine/Common/DerivedDataCache/2/7/9/TEXTURE_814DCC3DC72143F49509781513CB9855_AUTODXT_CC959A9A4068698ED46B248773E1C__66BEDC1D5064DDA51B81ED9D3A232068A3E22263.udd" 650
"C:/Users/thebird/AppData/Local/UnrealEngine/Common/DerivedDataCache/2/4/9/TEXTURE_814DCC3DC72143F49509781513CB9855_AUTODXT_5994D7634BBF1246D2F18A892CC6B__0C0C29B70CB1911DA53EF3BC90FCA753F1A92199.udd" 651
"C:/Users/thebird/AppData/Local/UnrealEngine/Common/DerivedDataCache/3/3/5/TEXTURE_814DCC3DC72143F49509781513CB9855_AUTODXT_5994D7634BBF1246D2F18A892CC6B__1FB7C1B576D20B2545BAB32B2A2B27522E655F0D.udd" 652
"C:/Users/thebird/AppData/Local/UnrealEngine/Common/DerivedDataCache/3/9/4/TEXTURE_814DCC3DC72143F49509781513CB9855_AUTODXT_5994D7634BBF1246D2F18A892CC6B__717EE38036DDF51F493E405C93E762E777DA7DCD.udd" 653
"C:/Users/thebird/AppData/Local/UnrealEngine/Common/DerivedDataCache/4/1/3/TEXTURE_814DCC3DC72143F49509781513CB9855_AUTODXT_5994D7634BBF1246D2F18A892CC6B__B04D366ED5088A19461B09F47E543AE9C3E9ABCD.udd" 654
"C:/Users/thebird/AppData/Local/UnrealEngine/Common/DerivedDataCache/0/9/1/TEXTURE_814DCC3DC72143F49509781513CB9855_AUTODXT_FBF00E234260D843041B44A2582C7__43E80FB57EFF4E477B1E7D74F3617F9611168741.udd" 655
"C:/Users/thebird/AppData/Local/UnrealEngine/Common/DerivedDataCache/7/3/2/TEXTURE_814DCC3DC72143F49509781513CB9855_AUTODXT_FBF00E234260D843041B44A2582C7__CFDA7AE00813D2E52E9DB35CF6256898FF60A00B.udd" 656
"C:/Users/thebird/AppData/Local/UnrealEngine/Common/DerivedDataCache/0/4/9/TEXTURE_814DCC3DC72143F49509781513CB9855_AUTODXT_FBF00E234260D843041B44A2582C7__D96984919219F70E632525C98CF3689DFF10D915.udd" 657
"C:/Users/thebird/AppData/Local/UnrealEngine/Common/DerivedDataCache/3/0/1/TEXTURE_814DCC3DC72143F49509781513CB9855_AUTODXT_FBF00E234260D843041B44A2582C7__653553219FB64C35DEF4BF4D64EEC8AE4382E2D0.udd" 658
"C:/Users/thebird/AppData/Local/UnrealEngine/Common/DerivedDataCache/4/4/5/TEXTURE_814DCC3DC72143F49509781513CB9855_AUTODXT_ED89D74A41A1F3A487A6A0B31C74E__ED5E70EEB9694A5B50BE39446B0544410485D558.udd" 659
"C:/Users/thebird/AppData/Local/UnrealEngine/Common/DerivedDataCache/8/8/4/TEXTURE_814DCC3DC72143F49509781513CB9855_AUTODXT_ED89D74A41A1F3A487A6A0B31C74E__6054D55E975FD74D10C7596128837B9D62F647C8.udd" 660
"C:/Users/thebird/AppData/Local/UnrealEngine/Common/DerivedDataCache/4/5/7/TEXTURE_814DCC3DC72143F49509781513CB9855_AUTODXT_ED89D74A41A1F3A487A6A0B31C74E__685885BC3172548F5AE959EEF9C31AC00BFBDA82.udd" 661
"C:/Users/thebird/AppData/Local/UnrealEngine/Common/DerivedDataCache/0/6/3/TEXTURE_814DCC3DC72143F49509781513CB9855_AUTODXT_ED89D74A41A1F3A487A6A0B31C74E__0EB1A9A0CF28E1A03971E00370FFA25C9470E680.udd" 662
"C:/Users/thebird/AppData/Local/UnrealEngine/Common/DerivedDataCache/8/6/0/TEXTURE_814DCC3DC72143F49509781513CB9855_AUTODXT_ED89D74A41A1F3A487A6A0B31C74E__FBF04CF01F498BBEA5F395666A620D8B89E0B8C8.udd" 663
"C:/Users/thebird/AppData/Local/UnrealEngine/Common/DerivedDataCache/9/6/8/TEXTURE_814DCC3DC72143F49509781513CB9855_AUTODXT_E29D0A7947713503984EC7B5C1E02__7DD5A3E6BDFBCBF99A18D9786A8A62E478EE57A5.udd" 664
"C:/Users/thebird/AppData/Local/UnrealEngine/Common/DerivedDataCache/9/1/9/TEXTURE_814DCC3DC72143F49509781513CB9855_AUTODXT_E29D0A7947713503984EC7B5C1E02__0714B79A8C795991373A34732D02674E204A8C23.udd" 665
"C:/Users/thebird/AppData/Local/UnrealEngine/Common/DerivedDataCache/3/2/7/TEXTURE_814DCC3DC72143F49509781513CB9855_AUTODXT_E29D0A7947713503984EC7B5C1E02__153666698FBE38063D9CF4E660573A864AC26BE9.udd" 666
"C:/Users/thebird/AppData/Local/UnrealEngine/Common/DerivedDataCache/1/7/6/TEXTURE_814DCC3DC72143F49509781513CB9855_AUTODXT_E29D0A7947713503984EC7B5C1E02__9BD4CCDCB75A423306CF68EBF96008AE8D17186C.udd" 667
"C:/Users/thebird/AppData/Local/UnrealEngine/Common/DerivedDataCache/2/5/8/TEXTURE_814DCC3DC72143F49509781513CB9855_AUTODXT_E29D0A7947713503984EC7B5C1E02__B718BC695F70DBBB0CAEFECC3B42AFF6CBB2A643.udd" 668
"C:/Users/thebird/AppData/Local/UnrealEngine/Common/DerivedDataCache/7/8/5/TEXTURE_814DCC3DC72143F49509781513CB9855_AUTODXT_110D9BFD48B0A36ECB4A7AB5D61D5__BC6EA41E4CB26B988BC72CDB054E24E21692499F.udd" 669
"C:/Users/thebird/AppData/Local/UnrealEngine/Common/DerivedDataCache/6/9/9/TEXTURE_814DCC3DC72143F49509781513CB9855_AUTODXT_110D9BFD48B0A36ECB4A7AB5D61D5__59DF4B76668DDA9BB54931667A2369556CE2201C.udd" 670
"C:/Users/thebird/AppData/Local/UnrealEngine/Common/DerivedDataCache/6/9/7/TEXTURE_814DCC3DC72143F49509781513CB9855_AUTODXT_110D9BFD48B0A36ECB4A7AB5D61D5__484ABBA92EC1084AEECEC608EF3214C61C15A69E.udd" 671
"C:/Users/thebird/AppData/Local/UnrealEngine/Common/DerivedDataCache/0/2/6/TEXTURE_814DCC3DC72143F49509781513CB9855_AUTODXT_110D9BFD48B0A36ECB4A7AB5D61D5__251BAF10769D6DD3FAFB75D3BF2BAFF397D674D9.udd" 672
"C:/Users/thebird/AppData/Local/UnrealEngine/Common/DerivedDataCache/6/1/2/TEXTURE_814DCC3DC72143F49509781513CB9855_AUTODXT_110D9BFD48B0A36ECB4A7AB5D61D5__7D929DA5DCBF2EE3AEA4CC20AE01987D36182887.udd" 673
